{"numTotalTestSuites":14,"numPassedTestSuites":6,"numFailedTestSuites":8,"numPendingTestSuites":0,"numTotalTests":17,"numPassedTests":7,"numFailedTests":10,"numPendingTests":0,"numTodoTests":0,"snapshot":{"added":0,"failure":false,"filesAdded":0,"filesRemoved":0,"filesRemovedList":[],"filesUnmatched":0,"filesUpdated":0,"matched":0,"total":0,"unchecked":0,"uncheckedKeysByFile":[],"unmatched":0,"updated":0,"didUpdate":false},"startTime":1780843999099,"success":false,"testResults":[{"assertionResults":[{"ancestorTitles":["statusEffectsRegistry"],"fullName":"statusEffectsRegistry parses and summarizes newly added status effect kinds","status":"passed","title":"parses and summarizes newly added status effect kinds","duration":4.649199999999837,"failureMessages":[],"meta":{},"tags":[]}],"startTime":1780844001473,"endTime":1780844001477.6492,"status":"passed","message":"","name":"D:/source/repos/Wade.fun/src/combat/statusEffectsRegistry.test.ts"},{"assertionResults":[{"ancestorTitles":["statusMath"],"fullName":"statusMath burn increases fire damage by stack percent","status":"passed","title":"burn increases fire damage by stack percent","duration":2.692199999999957,"failureMessages":[],"meta":{},"tags":[]},{"ancestorTitles":["statusMath"],"fullName":"statusMath soak modifies lightning and fire damage","status":"passed","title":"soak modifies lightning and fire damage","duration":0.4155000000000655,"failureMessages":[],"meta":{},"tags":[]},{"ancestorTitles":["statusMath"],"fullName":"statusMath freeze grants fire bonus damage","status":"passed","title":"freeze grants fire bonus damage","duration":0.25280000000020664,"failureMessages":[],"meta":{},"tags":[]}],"startTime":1780844001448,"endTime":1780844001451.2527,"status":"passed","message":"","name":"D:/source/repos/Wade.fun/src/combat/statusMath.test.ts"},{"assertionResults":[{"ancestorTitles":["Fight energy usage"],"fullName":"Fight energy usage spends turn energy on casts and disables unaffordable/all slots","status":"failed","title":"spends turn energy on casts and disables unaffordable/all slots","duration":1090.2783999999997,"failureMessages":["Error: Unable to find an element with the text: 3/9. This could be because the text is broken up by multiple elements. In this case, you can provide a function for your text matcher to make your matcher more flexible.\n\nIgnored nodes: comments, script, style\n\u001b[36m<body>\u001b[39m\n  \u001b[36m<div>\u001b[39m\n    \u001b[36m<h2>\u001b[39m\n      \u001b[0mUnexpected Application Error!\u001b[0m\n    \u001b[36m</h2>\u001b[39m\n    \u001b[36m<h3\u001b[39m\n      \u001b[33mstyle\u001b[39m=\u001b[32m\"font-style: italic;\"\u001b[39m\n    \u001b[36m>\u001b[39m\n      \u001b[0mCannot read properties of undefined (reading 'burn')\u001b[0m\n    \u001b[36m</h3>\u001b[39m\n    \u001b[36m<pre\u001b[39m\n      \u001b[33mstyle\u001b[39m=\u001b[32m\"padding: 0.5rem; background-color: rgba(200, 200, 200, 0.5);\"\u001b[39m\n    \u001b[36m>\u001b[39m\n      \u001b[0mTypeError: Cannot read properties of undefined (reading 'burn')\n    at Fight (D:/source/repos/Wade.fun/src/pages/Fight/Fight.tsx:167:102)\n    at renderWithHooks (D:\\source\\repos\\Wade.fun\\node_modules\\react-dom\\cjs\\react-dom.development.js:16305:18)\n    at mountIndeterminateComponent (D:\\source\\repos\\Wade.fun\\node_modules\\react-dom\\cjs\\react-dom.development.js:20074:13)\n    at beginWork (D:\\source\\repos\\Wade.fun\\node_modules\\react-dom\\cjs\\react-dom.development.js:21587:16)\n    at beginWork$1 (D:\\source\\repos\\Wade.fun\\node_modules\\react-dom\\cjs\\react-dom.development.js:27426:14)\n    at performUnitOfWork (D:\\source\\repos\\Wade.fun\\node_modules\\react-dom\\cjs\\react-dom.development.js:26560:12)\n    at workLoopSync (D:\\source\\repos\\Wade.fun\\node_modules\\react-dom\\cjs\\react-dom.development.js:26466:5)\n    at renderRootSync (D:\\source\\repos\\Wade.fun\\node_modules\\react-dom\\cjs\\react-dom.development.js:26434:7)\n    at recoverFromConcurrentError (D:\\source\\repos\\Wade.fun\\node_modules\\react-dom\\cjs\\react-dom.development.js:25850:20)\n    at performConcurrentWorkOnRoot (D:\\source\\repos\\Wade.fun\\node_modules\\react-dom\\cjs\\react-dom.development.js:25750:22)\u001b[0m\n    \u001b[36m</pre>\u001b[39m\n    \u001b[36m<p>\u001b[39m\n      \u001b[0m💿 Hey developer 👋\u001b[0m\n    \u001b[36m</p>\u001b[39m\n    \u001b[36m<p>\u001b[39m\n      \u001b[0mYou can provide a way better UX than this when your app throws errors by providing your own \u001b[0m\n      \u001b[36m<code\u001b[39m\n        \u001b[33mstyle\u001b[39m=\u001b[32m\"padding: 2px 4px; background-color: rgba(200, 200, 200, 0.5);\"\u001b[39m\n      \u001b[36m>\u001b[39m\n        \u001b[0mErrorBoundary\u001b[0m\n      \u001b[36m</code>\u001b[39m\n      \u001b[0m or\u001b[0m\n      \u001b[0m \u001b[0m\n      \u001b[36m<code\u001b[39m\n        \u001b[33mstyle\u001b[39m=\u001b[32m\"padding: 2px 4px; background-color: rgba(200, 200, 200, 0.5);\"\u001b[39m\n      \u001b[36m>\u001b[39m\n        \u001b[0merrorElement\u001b[0m\n      \u001b[36m</code>\u001b[39m\n      \u001b[0m prop on your route.\u001b[0m\n    \u001b[36m</p>\u001b[39m\n  \u001b[36m</div>\u001b[39m\n\u001b[36m</body>\u001b[39m\n    at waitForWrapper (D:\\source\\repos\\Wade.fun\\node_modules\\@testing-library\\dom\\dist\\wait-for.js:163:27)\n    at D:\\source\\repos\\Wade.fun\\node_modules\\@testing-library\\dom\\dist\\query-helpers.js:86:33\n    at D:/source/repos/Wade.fun/src/pages/fight.energy.test.tsx:115:22\n    at file:///D:/source/repos/Wade.Fun/node_modules/@vitest/runner/dist/chunk-artifact.js:302:11\n    at file:///D:/source/repos/Wade.Fun/node_modules/@vitest/runner/dist/chunk-artifact.js:1903:26\n    at file:///D:/source/repos/Wade.Fun/node_modules/@vitest/runner/dist/chunk-artifact.js:2326:20\n    at new Promise (<anonymous>)\n    at runWithCancel (file:///D:/source/repos/Wade.Fun/node_modules/@vitest/runner/dist/chunk-artifact.js:2323:10)\n    at file:///D:/source/repos/Wade.Fun/node_modules/@vitest/runner/dist/chunk-artifact.js:2305:20\n    at new Promise (<anonymous>)"],"meta":{},"tags":[]},{"ancestorTitles":["Fight energy usage"],"fullName":"Fight energy usage carries over unspent energy to next turn additively","status":"failed","title":"carries over unspent energy to next turn additively","duration":1026.3621000000003,"failureMessages":["Error: Unable to find an element with the text: 3/9. This could be because the text is broken up by multiple elements. In this case, you can provide a function for your text matcher to make your matcher more flexible.\n\nIgnored nodes: comments, script, style\n\u001b[36m<body>\u001b[39m\n  \u001b[36m<div>\u001b[39m\n    \u001b[36m<h2>\u001b[39m\n      \u001b[0mUnexpected Application Error!\u001b[0m\n    \u001b[36m</h2>\u001b[39m\n    \u001b[36m<h3\u001b[39m\n      \u001b[33mstyle\u001b[39m=\u001b[32m\"font-style: italic;\"\u001b[39m\n    \u001b[36m>\u001b[39m\n      \u001b[0mCannot read properties of undefined (reading 'burn')\u001b[0m\n    \u001b[36m</h3>\u001b[39m\n    \u001b[36m<pre\u001b[39m\n      \u001b[33mstyle\u001b[39m=\u001b[32m\"padding: 0.5rem; background-color: rgba(200, 200, 200, 0.5);\"\u001b[39m\n    \u001b[36m>\u001b[39m\n      \u001b[0mTypeError: Cannot read properties of undefined (reading 'burn')\n    at Fight (D:/source/repos/Wade.fun/src/pages/Fight/Fight.tsx:167:102)\n    at renderWithHooks (D:\\source\\repos\\Wade.fun\\node_modules\\react-dom\\cjs\\react-dom.development.js:16305:18)\n    at mountIndeterminateComponent (D:\\source\\repos\\Wade.fun\\node_modules\\react-dom\\cjs\\react-dom.development.js:20074:13)\n    at beginWork (D:\\source\\repos\\Wade.fun\\node_modules\\react-dom\\cjs\\react-dom.development.js:21587:16)\n    at beginWork$1 (D:\\source\\repos\\Wade.fun\\node_modules\\react-dom\\cjs\\react-dom.development.js:27426:14)\n    at performUnitOfWork (D:\\source\\repos\\Wade.fun\\node_modules\\react-dom\\cjs\\react-dom.development.js:26560:12)\n    at workLoopSync (D:\\source\\repos\\Wade.fun\\node_modules\\react-dom\\cjs\\react-dom.development.js:26466:5)\n    at renderRootSync (D:\\source\\repos\\Wade.fun\\node_modules\\react-dom\\cjs\\react-dom.development.js:26434:7)\n    at recoverFromConcurrentError (D:\\source\\repos\\Wade.fun\\node_modules\\react-dom\\cjs\\react-dom.development.js:25850:20)\n    at performConcurrentWorkOnRoot (D:\\source\\repos\\Wade.fun\\node_modules\\react-dom\\cjs\\react-dom.development.js:25750:22)\u001b[0m\n    \u001b[36m</pre>\u001b[39m\n    \u001b[36m<p>\u001b[39m\n      \u001b[0m💿 Hey developer 👋\u001b[0m\n    \u001b[36m</p>\u001b[39m\n    \u001b[36m<p>\u001b[39m\n      \u001b[0mYou can provide a way better UX than this when your app throws errors by providing your own \u001b[0m\n      \u001b[36m<code\u001b[39m\n        \u001b[33mstyle\u001b[39m=\u001b[32m\"padding: 2px 4px; background-color: rgba(200, 200, 200, 0.5);\"\u001b[39m\n      \u001b[36m>\u001b[39m\n        \u001b[0mErrorBoundary\u001b[0m\n      \u001b[36m</code>\u001b[39m\n      \u001b[0m or\u001b[0m\n      \u001b[0m \u001b[0m\n      \u001b[36m<code\u001b[39m\n        \u001b[33mstyle\u001b[39m=\u001b[32m\"padding: 2px 4px; background-color: rgba(200, 200, 200, 0.5);\"\u001b[39m\n      \u001b[36m>\u001b[39m\n        \u001b[0merrorElement\u001b[0m\n      \u001b[36m</code>\u001b[39m\n      \u001b[0m prop on your route.\u001b[0m\n    \u001b[36m</p>\u001b[39m\n  \u001b[36m</div>\u001b[39m\n\u001b[36m</body>\u001b[39m\n    at waitForWrapper (D:\\source\\repos\\Wade.fun\\node_modules\\@testing-library\\dom\\dist\\wait-for.js:163:27)\n    at D:\\source\\repos\\Wade.fun\\node_modules\\@testing-library\\dom\\dist\\query-helpers.js:86:33\n    at D:/source/repos/Wade.fun/src/pages/fight.energy.test.tsx:176:22\n    at file:///D:/source/repos/Wade.Fun/node_modules/@vitest/runner/dist/chunk-artifact.js:302:11\n    at file:///D:/source/repos/Wade.Fun/node_modules/@vitest/runner/dist/chunk-artifact.js:1903:26\n    at file:///D:/source/repos/Wade.Fun/node_modules/@vitest/runner/dist/chunk-artifact.js:2326:20\n    at new Promise (<anonymous>)\n    at runWithCancel (file:///D:/source/repos/Wade.Fun/node_modules/@vitest/runner/dist/chunk-artifact.js:2323:10)\n    at file:///D:/source/repos/Wade.Fun/node_modules/@vitest/runner/dist/chunk-artifact.js:2305:20\n    at new Promise (<anonymous>)"],"meta":{},"tags":[]},{"ancestorTitles":["Fight energy usage"],"fullName":"Fight energy usage energize stacks give bonus energy next turn and are consumed","status":"failed","title":"energize stacks give bonus energy next turn and are consumed","duration":1030.5608000000002,"failureMessages":["Error: Unable to find an element with the text: 3/9. This could be because the text is broken up by multiple elements. In this case, you can provide a function for your text matcher to make your matcher more flexible.\n\nIgnored nodes: comments, script, style\n\u001b[36m<body>\u001b[39m\n  \u001b[36m<div>\u001b[39m\n    \u001b[36m<h2>\u001b[39m\n      \u001b[0mUnexpected Application Error!\u001b[0m\n    \u001b[36m</h2>\u001b[39m\n    \u001b[36m<h3\u001b[39m\n      \u001b[33mstyle\u001b[39m=\u001b[32m\"font-style: italic;\"\u001b[39m\n    \u001b[36m>\u001b[39m\n      \u001b[0mCannot read properties of undefined (reading 'burn')\u001b[0m\n    \u001b[36m</h3>\u001b[39m\n    \u001b[36m<pre\u001b[39m\n      \u001b[33mstyle\u001b[39m=\u001b[32m\"padding: 0.5rem; background-color: rgba(200, 200, 200, 0.5);\"\u001b[39m\n    \u001b[36m>\u001b[39m\n      \u001b[0mTypeError: Cannot read properties of undefined (reading 'burn')\n    at Fight (D:/source/repos/Wade.fun/src/pages/Fight/Fight.tsx:167:102)\n    at renderWithHooks (D:\\source\\repos\\Wade.fun\\node_modules\\react-dom\\cjs\\react-dom.development.js:16305:18)\n    at mountIndeterminateComponent (D:\\source\\repos\\Wade.fun\\node_modules\\react-dom\\cjs\\react-dom.development.js:20074:13)\n    at beginWork (D:\\source\\repos\\Wade.fun\\node_modules\\react-dom\\cjs\\react-dom.development.js:21587:16)\n    at beginWork$1 (D:\\source\\repos\\Wade.fun\\node_modules\\react-dom\\cjs\\react-dom.development.js:27426:14)\n    at performUnitOfWork (D:\\source\\repos\\Wade.fun\\node_modules\\react-dom\\cjs\\react-dom.development.js:26560:12)\n    at workLoopSync (D:\\source\\repos\\Wade.fun\\node_modules\\react-dom\\cjs\\react-dom.development.js:26466:5)\n    at renderRootSync (D:\\source\\repos\\Wade.fun\\node_modules\\react-dom\\cjs\\react-dom.development.js:26434:7)\n    at recoverFromConcurrentError (D:\\source\\repos\\Wade.fun\\node_modules\\react-dom\\cjs\\react-dom.development.js:25850:20)\n    at performConcurrentWorkOnRoot (D:\\source\\repos\\Wade.fun\\node_modules\\react-dom\\cjs\\react-dom.development.js:25750:22)\u001b[0m\n    \u001b[36m</pre>\u001b[39m\n    \u001b[36m<p>\u001b[39m\n      \u001b[0m💿 Hey developer 👋\u001b[0m\n    \u001b[36m</p>\u001b[39m\n    \u001b[36m<p>\u001b[39m\n      \u001b[0mYou can provide a way better UX than this when your app throws errors by providing your own \u001b[0m\n      \u001b[36m<code\u001b[39m\n        \u001b[33mstyle\u001b[39m=\u001b[32m\"padding: 2px 4px; background-color: rgba(200, 200, 200, 0.5);\"\u001b[39m\n      \u001b[36m>\u001b[39m\n        \u001b[0mErrorBoundary\u001b[0m\n      \u001b[36m</code>\u001b[39m\n      \u001b[0m or\u001b[0m\n      \u001b[0m \u001b[0m\n      \u001b[36m<code\u001b[39m\n        \u001b[33mstyle\u001b[39m=\u001b[32m\"padding: 2px 4px; background-color: rgba(200, 200, 200, 0.5);\"\u001b[39m\n      \u001b[36m>\u001b[39m\n        \u001b[0merrorElement\u001b[0m\n      \u001b[36m</code>\u001b[39m\n      \u001b[0m prop on your route.\u001b[0m\n    \u001b[36m</p>\u001b[39m\n  \u001b[36m</div>\u001b[39m\n\u001b[36m</body>\u001b[39m\n    at waitForWrapper (D:\\source\\repos\\Wade.fun\\node_modules\\@testing-library\\dom\\dist\\wait-for.js:163:27)\n    at D:\\source\\repos\\Wade.fun\\node_modules\\@testing-library\\dom\\dist\\query-helpers.js:86:33\n    at D:/source/repos/Wade.fun/src/pages/fight.energy.test.tsx:232:22\n    at file:///D:/source/repos/Wade.Fun/node_modules/@vitest/runner/dist/chunk-artifact.js:302:11\n    at file:///D:/source/repos/Wade.Fun/node_modules/@vitest/runner/dist/chunk-artifact.js:1903:26\n    at file:///D:/source/repos/Wade.Fun/node_modules/@vitest/runner/dist/chunk-artifact.js:2326:20\n    at new Promise (<anonymous>)\n    at runWithCancel (file:///D:/source/repos/Wade.Fun/node_modules/@vitest/runner/dist/chunk-artifact.js:2323:10)\n    at file:///D:/source/repos/Wade.Fun/node_modules/@vitest/runner/dist/chunk-artifact.js:2305:20\n    at new Promise (<anonymous>)"],"meta":{},"tags":[]}],"startTime":1780844002329,"endTime":1780844005476.5608,"status":"failed","message":"","name":"D:/source/repos/Wade.fun/src/pages/fight.energy.test.tsx"},{"assertionResults":[{"ancestorTitles":["Fight status effects"],"fullName":"Fight status effects applies burn to enemy and boosts fire damage","status":"failed","title":"applies burn to enemy and boosts fire damage","duration":5426.2526,"failureMessages":["Error: Unable to find an element with the text: /flare \\(fire\\) deals 15 damage/i. This could be because the text is broken up by multiple elements. In this case, you can provide a function for your text matcher to make your matcher more flexible.\n\nIgnored nodes: comments, script, style\n\u001b[36m<body>\u001b[39m\n  \u001b[36m<div>\u001b[39m\n    \u001b[36m<div\u001b[39m\n      \u001b[33mid\u001b[39m=\u001b[32m\"Fight\"\u001b[39m\n    \u001b[36m>\u001b[39m\n      \u001b[36m<div\u001b[39m\n        \u001b[33mclass\u001b[39m=\u001b[32m\"fight-arena\"\u001b[39m\n      \u001b[36m>\u001b[39m\n        \u001b[36m<div\u001b[39m\n          \u001b[33mclass\u001b[39m=\u001b[32m\"enemy-zone\"\u001b[39m\n        \u001b[36m>\u001b[39m\n          \u001b[36m<div\u001b[39m\n            \u001b[33mclass\u001b[39m=\u001b[32m\"enemy-header\"\u001b[39m\n          \u001b[36m>\u001b[39m\n            \u001b[36m<span\u001b[39m\n              \u001b[33mclass\u001b[39m=\u001b[32m\"enemy-name\"\u001b[39m\n            \u001b[36m>\u001b[39m\n              \u001b[0mTraining Dummy\u001b[0m\n            \u001b[36m</span>\u001b[39m\n          \u001b[36m</div>\u001b[39m\n          \u001b[36m<div\u001b[39m\n            \u001b[33maria-valuemax\u001b[39m=\u001b[32m\"60\"\u001b[39m\n            \u001b[33maria-valuemin\u001b[39m=\u001b[32m\"0\"\u001b[39m\n            \u001b[33maria-valuenow\u001b[39m=\u001b[32m\"45\"\u001b[39m\n            \u001b[33mclass\u001b[39m=\u001b[32m\"enemy-hp-bar\"\u001b[39m\n            \u001b[33mrole\u001b[39m=\u001b[32m\"progressbar\"\u001b[39m\n          \u001b[36m>\u001b[39m\n            \u001b[36m<div\u001b[39m\n              \u001b[33mclass\u001b[39m=\u001b[32m\"enemy-hp-fill\"\u001b[39m\n              \u001b[33mstyle\u001b[39m=\u001b[32m\"width: 75%;\"\u001b[39m\n            \u001b[36m/>\u001b[39m\n            \u001b[36m<span\u001b[39m\n              \u001b[33mclass\u001b[39m=\u001b[32m\"enemy-hp-label\"\u001b[39m\n            \u001b[36m>\u001b[39m\n              \u001b[0m45\u001b[0m\n              \u001b[0m / \u001b[0m\n              \u001b[0m60\u001b[0m\n              \u001b[0m HP\u001b[0m\n            \u001b[36m</span>\u001b[39m\n          \u001b[36m</div>\u001b[39m\n          \u001b[36m<div\u001b[39m\n            \u001b[33mclass\u001b[39m=\u001b[32m\"enemy-stage\"\u001b[39m\n          \u001b[36m>\u001b[39m\n            \u001b[36m<div\u001b[39m\n              \u001b[33mclass\u001b[39m=\u001b[32m\"enemy-sprite-card \"\u001b[39m\n              \u001b[33mstyle\u001b[39m=\u001b[32m\"--enemy-hit-flash: #ffb680;\"\u001b[39m\n            \u001b[36m>\u001b[39m\n              \u001b[36m<span\u001b[39m\n                \u001b[33mclass\u001b[39m=\u001b[32m\"enemy-sprite-hitbox\"\u001b[39m\n              \u001b[36m>\u001b[39m\n                \u001b[36m<img\u001b[39m\n                  \u001b[33malt\u001b[39m=\u001b[32m\"Training Dummy sprite\"\u001b[39m\n                  \u001b[33mclass\u001b[39m=\u001b[32m\"enemy-sprite-image\"\u001b[39m\n                  \u001b[33msrc\u001b[39m=\u001b[32m\"/src/assets/sprites/Mage.gif\"\u001b[39m\n                \u001b[36m/>\u001b[39m\n              \u001b[36m</span>\u001b[39m\n              \u001b[36m<span\u001b[39m\n                \u001b[33maria-label\u001b[39m=\u001b[32m\"Burn 10\"\u001b[39m\n                \u001b[33mclass\u001b[39m=\u001b[32m\"enemy-burn-indicator\"\u001b[39m\n              \u001b[36m>\u001b[39m\n                \u001b[36m<span\u001b[39m\n                  \u001b[33maria-hidden\u001b[39m=\u001b[32m\"true\"\u001b[39m\n                  \u001b[33mclass\u001b[39m=\u001b[32m\"burn-icon\"\u001b[39m\n                  \u001b[33mrole\u001b[39m=\u001b[32m\"img\"\u001b[39m\n                \u001b[36m>\u001b[39m\n                  \u001b[0m🔥\u001b[0m\n                \u001b[36m</span>\u001b[39m\n                \u001b[36m<span\u001b[39m\n                  \u001b[33mclass\u001b[39m=\u001b[32m\"burn-stacks\"\u001b[39m\n                \u001b[36m>\u001b[39m\n                  \u001b[0m10\u001b[0m\n                \u001b[36m</span>\u001b[39m\n                \u001b[36m<span\u001b[39m\n                  \u001b[33mclass\u001b[39m=\u001b[32m\"burn-tooltip\"\u001b[39m\n                \u001b[36m>\u001b[39m\n                  \u001b[36m<span>\u001b[39m\n                    \u001b[0mBurn Stacks: \u001b[0m\n                    \u001b[0m10\u001b[0m\n                  \u001b[36m</span>\u001b[39m\n                  \u001b[36m<span>\u001b[39m\n                    \u001b[0mExpires in: \u001b[0m\n                    \u001b[0m2\u001b[0m\n                    \u001b[0m turns\u001b[0m\n                  \u001b[36m</span>\u001b[39m\n                  \u001b[36m<span>\u001b[39m\n                    \u001b[0mFire bonus: \u001b[0m\n                    \u001b[0m50\u001b[0m\n                    \u001b[0m%\u001b[0m\n                  \u001b[36m</span>\u001b[39m\n                  \u001b[36m<span>\u001b[39m\n                    \u001b[0mBoosts fire attacks while it lasts\u001b[0m\n                  \u001b[36m</span>\u001b[39m\n                \u001b[36m</span>\u001b[39m\n              \u001b[36m</span>\u001b[39m\n              \u001b[36m<div\u001b[39m\n                \u001b[33maria-hidden\u001b[39m=\u001b[32m\"true\"\u001b[39m\n                \u001b[33mclass\u001b[39m=\u001b[32m\"enemy-meta-tooltip\"\u001b[39m\n              \u001b[36m>\u001b[39m\n                \u001b[36m<div\u001b[39m\n                  \u001b[33mclass\u001b[39m=\u001b[32m\"enemy-meta-section\"\u001b[39m\n                \u001b[36m>\u001b[39m\n                  \u001b[36m<span\u001b[39m\n                    \u001b[33mclass\u001b[39m=\u001b[32m\"enemy-meta-label\"\u001b[39m\n                  \u001b[36m>\u001b[39m\n                    \u001b[0mHP\u001b[0m\n                  \u001b[36m</span>\u001b[39m\n                  \u001b[36m<span\u001b[39m\n                    \u001b[33mclass\u001b[39m=\u001b[32m\"enemy-meta-value\"\u001b[39m\n                  \u001b[36m>\u001b[39m\n                    \u001b[0m45\u001b[0m\n                    \u001b[0m / \u001b[0m\n                    \u001b[0m60\u001b[0m\n                  \u001b[36m</span>\u001b[39m\n                \u001b[36m</div>\u001b[39m\n                \u001b[36m<div\u001b[39m\n                  \u001b[33mclass\u001b[39m=\u001b[32m\"enemy-meta-section\"\u001b[39m\n                \u001b[36m>\u001b[39m\n                  \u001b[36m<span\u001b[39m\n                    \u001b[33mclass\u001b[39m=\u001b[32m\"enemy-meta-label\"\u001b[39m\n                  \u001b[36m>\u001b[39m\n                    \u001b[0mWeaknesses\u001b[0m\n                  \u001b[36m</span>\u001b[39m\n                  \u001b[36m<div\u001b[39m\n                    \u001b[33mclass\u001b[39m=\u001b[32m\"enemy-meta-chip-list\"\u001b[39m\n                  \u001b[36m>\u001b[39m\n                    \u001b[36m<span\u001b[39m\n                      \u001b[33mclass\u001b[39m=\u001b[32m\"enemy-meta-chip enemy-meta-chip-muted\"\u001b[39m\n                    \u001b[36m>\u001b[39m\n                      \u001b[0mNone\u001b[0m\n                    \u001b[36m</span>\u001b[39m\n                  \u001b[36m</div>\u001b[39m\n                \u001b[36m</div>\u001b[39m\n                \u001b[36m<div\u001b[39m\n                  \u001b[33mclass\u001b[39m=\u001b[32m\"enemy-meta-section\"\u001b[39m\n                \u001b[36m>\u001b[39m\n                  \u001b[36m<span\u001b[39m\n                    \u001b[33mclass\u001b[39m=\u001b[32m\"enemy-meta-label\"\u001b[39m\n                  \u001b[36m>\u001b[39m\n                    \u001b[0mElements\u001b[0m\n                  \u001b[36m</span>\u001b[39m\n                  \u001b[36m<div\u001b[39m\n                    \u001b[33mclass\u001b[39m=\u001b[32m\"enemy-meta-chip-list\"\u001b[39m\n                  \u001b[36m>\u001b[39m\n                    \u001b[36m<span\u001b[39m\n                      \u001b[33mclass\u001b[39m=\u001b[32m\"enemy-meta-chip enemy-meta-chip-attack\"\u001b[39m\n                    \u001b[36m>\u001b[39m\n                      \u001b[0mBonk\u001b[0m\n                      \u001b[0m (\u001b[0m\n                      \u001b[0m0\u001b[0m\n                      \u001b[0m)\u001b[0m\n                    \u001b[36m</span>\u001b[39m\n                  \u001b[36m</div>\u001b[39m\n                \u001b[36m</div>\u001b[39m\n              \u001b[36m</div>\u001b[39m\n            \u001b[36m</div>\u001b[39m\n          \u001b[36m</div>\u001b[39m\n          \u001b[36m<div\u001b[39m\n            \u001b[33maria-hidden\u001b[39m=\u001b[32m\"false\"\u001b[39m\n            \u001b[33maria-label\u001b[39m=\u001b[32m\"Enemy intends to attack with Bonk\"\u001b[39m\n            \u001b[33mclass\u001b[39m=\u001b[32m\"enemy-intent-badge  \"\u001b[39m\n          \u001b[36m>\u001b[39m\n            \u001b[36m<div\u001b[39m\n              \u001b[33mclass\u001b[39m=\u001b[32m\"enemy-intent-icon\"\u001b[39m\n            \u001b[36m>\u001b[39m\n              \u001b[0mBonk\u001b[0m\n            \u001b[36m</div>\u001b[39m\n            \u001b[36m<div\u001b[39m\n              \u001b[33mclass\u001b[39m=\u001b[32m\"enemy-intent-damage\"\u001b[39m\n            \u001b[36m>\u001b[39m\n              \u001b[0m0\u001b[0m\n            \u001b[36m</div>\u001b[39m\n            \u001b[36m<div\u001b[39m\n              \u001b[33mclass\u001b[39m=\u001b[32m\"enemy-intent-label\"\u001b[39m\n            \u001b[36m>\u001b[39m\n              \u001b[0mNEXT ATTACK\u001b[0m\n            \u001b[36m</div>\u001b[39m\n          \u001b[36m</div>\u001b[39m\n        \u001b[36m</div>\u001b[39m\n        \u001b[36m<div\u001b[39m\n          \u001b[33mclass\u001b[39m=\u001b[32m\"spell-hand\"\u001b[39m\n        \u001b[36m>\u001b[39m\n          \u001b[36m<div\u001b[39m\n            \u001b[33mclass\u001b[39m=\u001b[32m\"spell-hand-scroll\"\u001b[39m\n          \u001b[36m>\u001b[39m\n            \u001b[36m<button\u001b[39m\n              \u001b[33mclass\u001b[39m=\u001b[32m\"spell-card     \"\u001b[39m\n              \u001b[33mstyle\u001b[39m=\u001b[32m\"--spell-slot-bg: #ffb680; --spell-slot-border: #d0652c; --spell-slot-text: #2a140a;\"\u001b[39m\n              \u001b[33mtype\u001b[39m=\u001b[32m\"button\"\u001b[39m\n            \u001b[36m>\u001b[39m\n              \u001b[36m<span\u001b[39m\n                \u001b[33mclass\u001b[39m=\u001b[32m\"spell-card-energy\"\u001b[39m\n              \u001b[36m>\u001b[39m\n                \u001b[0m1\u001b[0m\n              \u001b[36m</span>\u001b[39m\n              \u001b[36m<div\u001b[39m\n                \u001b[33mclass\u001b[39m=\u001b[32m\"spell-card-icon\"\u001b[39m\n              \u001b[36m>\u001b[39m\n                \u001b[0mBurnSigil\u001b[0m\n              \u001b[36m</div>\u001b[39m\n              \u001b[36m<div\u001b[39m\n                \u001b[33mclass\u001b[39m=\u001b[32m\"spell-card-name\"\u001b[39m\n              \u001b[36m>\u001b[39m\n                \u001b[0mBurnSigil\u001b[0m\n              \u001b[36m</div>\u001b[39m\n              \u001b[36m<div\u001b[39m\n                \u001b[33mclass\u001b[39m=\u001b[32m\"spell-card-damage\"\u001b[39m\n              \u001b[36m>\u001b[39m\n                \u001b[0m0\u001b[0m\n              \u001b[36m</div>\u001b[39m\n            \u001b[36m</button>\u001b[39m\n            \u001b[36m<button\u001b[39m\n              \u001b[33mclass\u001b[39m=\u001b[32m\"spell-card is-flashing    \"\u001b[39m\n              \u001b[33mstyle\u001b[39m=\u001b[32m\"--spell-slot-bg: #ffb680; --spell-slot-border: #d0652c; --spell-slot-text: #2a140a;\"\u001b[39m\n              \u001b[33mtype\u001b[39m=\u001b[32m\"button\"\u001b[39m\n            \u001b[36m>\u001b[39m\n              \u001b[36m<span\u001b[39m\n                \u001b[33mclass\u001b[39m=\u001b[32m\"spell-card-energy\"\u001b[39m\n              \u001b[36m>\u001b[39m\n                \u001b[0m1\u001b[0m\n              \u001b[36m</span>\u001b[39m\n              \u001b[36m<div\u001b[39m\n                \u001b[33mclass\u001b[39m=\u001b[32m\"spell-card-icon\"\u001b[39m\n              \u001b[36m>\u001b[39m\n                \u001b[0mFlare\u001b[0m\n              \u001b[36m</div>\u001b[39m\n              \u001b[36m<div\u001b[39m\n                \u001b[33mclass\u001b[39m=\u001b[32m\"spell-card-name\"\u001b[39m\n              \u001b[36m>\u001b[39m\n                \u001b[0mFlare\u001b[0m\n              \u001b[36m</div>\u001b[39m\n              \u001b[36m<div\u001b[39m\n                \u001b[33mclass\u001b[39m=\u001b[32m\"spell-card-damage\"\u001b[39m\n              \u001b[36m>\u001b[39m\n                \u001b[0m15\u001b[0m\n              \u001b[36m</div>\u001b[39m\n            \u001b[36m</button>\u001b[39m\n          \u001b[36m</div>\u001b[39m\n        \u001b[36m</div>\u001b[39m\n        \u001b[36m<div\u001b[39m\n          \u001b[33mclass\u001b[39m=\u001b[32m\"player-hud\"\u001b[39m\n        \u001b[36m>\u001b[39m\n          \u001b[36m<div\u001b[39m\n            \u001b[33mclass\u001b[39m=\u001b[32m\"player-hud-left\"\u001b[39m\n          \u001b[36m>\u001b[39m\n            \u001b[36m<div\u001b[39m\n              \u001b[33mclass\u001b[39m=\u001b[32m\"player-name-banner\"\u001b[39m\n            \u001b[36m>\u001b[39m\n              \u001b[0mTester\u001b[0m\n            \u001b[36m</div>\u001b[39m\n            \u001b[36m<div\u001b[39m\n              \u001b[33maria-label\u001b[39m=\u001b[32m\"Player status effects\"\u001b[39m\n              \u001b[33mclass\u001b[39m=\u001b[32m\"player-status-strip\"\u001b[39m\n            \u001b[36m>\u001b[39m\n              \u001b[36m<span\u001b[39m\n                \u001b[33maria-hidden\u001b[39m=\u001b[32m\"true\"\u001b[39m\n                \u001b[33mclass\u001b[39m=\u001b[32m\"player-status-badge player-status-badge--burn is-hidden\"\u001b[39m\n              \u001b[36m>\u001b[39m\n                \u001b[36m<span\u001b[39m\n                  \u001b[33maria-hidden\u001b[39m=\u001b[32m\"true\"\u001b[39m\n                  \u001b[33mclass\u001b[39m=\u001b[32m\"player-status-icon\"\u001b[39m\n                \u001b[36m>\u001b[39m\n                  \u001b[0m🔥\u001b[0m\n                \u001b[36m</span>\u001b[39m\n                \u001b[36m<span\u001b[39m\n                  \u001b[33mclass\u001b[39m=\u001b[32m\"player-status-count\"\u001b[39m\n                \u001b[36m/>\u001b[39m\n                \u001b[36m<span\u001b[39m\n                  \u001b[33mclass\u001b[39m=\u001b[32m\"player-status-tooltip\"\u001b[39m\n                \u001b[36m>\u001b[39m\n                  \u001b[36m<span>\u001b[39m\n                    \u001b[0mBurn Stacks: \u001b[0m\n                    \u001b[0m0\u001b[0m\n                  \u001b[36m</span>\u001b[39m\n                  \u001b[36m<span>\u001b[39m\n                    \u001b[0mExpires in: \u001b[0m\n                    \u001b[0m0\u001b[0m\n                    \u001b[0m turns\u001b[0m\n                  \u001b[36m</span>\u001b[39m\n                  \u001b[36m<span>\u001b[39m\n                    \u001b[0mFire bonus: \u001b[0m\n                    \u001b[0m0\u001b[0m\n                    \u001b[0m%\u001b[0m\n                  \u001b[36m</span>\u001b[39m\n                  \u001b[36m<span>\u001b[39m\n                    \u001b[0mBoosts fire attacks while it lasts\u001b[0m\n                  \u001b[36m</span>\u001b[39m\n                \u001b[36m</span>\u001b[39m\n              \u001b[36m</span>\u001b[39m\n              \u001b[36m<span\u001b[39m\n                \u001b[33maria-hidden\u001b[39m=\u001b[32m\"true\"\u001b[39m\n                \u001b[33mclass\u001b[39m=\u001b[32m\"player-status-badge player-status-badge--soak is-hidden\"\u001b[39m\n              \u001b[36m>\u001b[39m\n                \u001b[36m<span\u001b[39m\n                  \u001b[33maria-hidden\u001b[39m=\u001b[32m\"true\"\u001b[39m\n                  \u001b[33mclass\u001b[39m=\u001b[32m\"player-status-icon\"\u001b[39m\n                \u001b[36m>\u001b[39m\n                  \u001b[0m💧\u001b[0m\n                \u001b[36m</span>\u001b[39m\n                \u001b[36m<span\u001b[39m\n                  \u001b[33mclass\u001b[39m=\u001b[32m\"player-status-count\"\u001b[39m\n                \u001b[36m/>\u001b[39m\n                \u001b[36m<span\u001b[39m\n                  \u001b[33mclass\u001b[39m=\u001b[32m\"player-status-tooltip\"\u001b[39m\n                \u001b[36m>\u001b[39m\n                  \u001b[36m<span>\u001b[39m\n                    \u001b[0mSoak Stacks: \u001b[0m\n                    \u001b[0m0\u001b[0m\n                  \u001b[36m</span>\u001b[39m\n                  \u001b[36m<span>\u001b[39m\n                    \u001b[0mLightning +\u001b[0m\n                    \u001b[0m0\u001b[0m\n                  \u001b[36m</span>\u001b[39m\n                  \u001b[36m<span>\u001b[39m\n                    \u001b[0mFire -\u001b[0m\n                    \u001b[0m0\u001b[0m\n                  \u001b[36m</span>\u001b[39m\n                \u001b[36m</span>\u001b[39m\n              \u001b[36m</span>\u001b[39m\n              \u001b[36m<span\u001b[39m\n                \u001b[33maria-hidden\u001b[39m=\u001b[32m\"true\"\u001b[39m\n                \u001b[33mclass\u001b[39m=\u001b[32m\"player-status-badge player-status-badge--freeze is-hidden\"\u001b[39m\n              \u001b[36m>\u001b[39m\n                \u001b[36m<span\u001b[39m\n                  \u001b[33maria-hidden\u001b[39m=\u001b[32m\"true\"\u001b[39m\n                  \u001b[33mclass\u001b[39m=\u001b[32m\"player-status-icon\"\u001b[39m\n                \u001b[36m>\u001b[39m\n                  \u001b[0m❄\u001b[0m\n                \u001b[36m</span>\u001b[39m\n                \u001b[36m<span\u001b[39m\n                  \u001b[33mclass\u001b[39m=\u001b[32m\"player-status-count\"\u001b[39m\n                \u001b[36m/>\u001b[39m\n                \u001b[36m<span\u001b[39m\n                  \u001b[33mclass\u001b[39m=\u001b[32m\"player-status-tooltip\"\u001b[39m\n                \u001b[36m>\u001b[39m\n                  \u001b[36m<span>\u001b[39m\n                    \u001b[0mFreeze Stacks: \u001b[0m\n                    \u001b[0m0\u001b[0m\n                  \u001b[36m</span>\u001b[39m\n                  \u001b[36m<span>\u001b[39m\n                    \u001b[0mFire gains +\u001b[0m\n                    \u001b[0m0\u001b[0m\n                    \u001b[0m damage\u001b[0m\n                  \u001b[36m</span>\u001b[39m\n                \u001b[36m</span>\u001b[39m\n              \u001b[36m</span>\u001b[39m\n              \u001b[36m<span\u001b[39m\n                \u001b[33maria-hidden\u001b[39m=\u001b[32m\"true\"\u001b[39m\n                \u001b[33mclass\u001b[39m=\u001b[32m\"player-status-badge player-status-badge--energize is-hidden\"\u001b[39m\n              \u001b[36m>\u001b[39m\n                \u001b[36m<span\u001b[39m\n                  \u001b[33maria-hidden\u001b[39m=\u001b[32m\"true\"\u001b[39m\n                  \u001b[33mclass\u001b[39m=\u001b[32m\"player-status-icon\"\u001b[39m\n                \u001b[36m>\u001b[39m\n                  \u001b[36m<img\u001b[39m\n                    \u001b[33malt\u001b[39m=\u001b[32m\"\"\u001b[39m\n                    \u001b[33msrc\u001b[39m=\u001b[32m\"/src/assets/icons/Energize.png\"\u001b[39m\n                    \u001b[33mstyle\u001b[39m=\u001b[32m\"width: 0.85rem; height: 0.85rem; object-fit: contain;\"\u001b[39m\n                  \u001b[36m/>\u001b[39m\n                \u001b[36m</span>\u001b[39m\n                \u001b[36m<span\u001b[39m\n                  \u001b[33mclass\u001b[39m=\u001b[32m\"player-status-count\"\u001b[39m\n                \u001b[36m/>\u001b[39m\n                \u001b[36m<span\u001b[39m\n                  \u001b[33mclass\u001b[39m=\u001b[32m\"player-status-tooltip\"\u001b[39m\n                \u001b[36m>\u001b[39m\n                  \u001b[36m<span>\u001b[39m\n                    \u001b[0mEnergize Stacks: \u001b[0m\n                    \u001b[0m0\u001b[0m\n                  \u001b[36m</span>\u001b[39m\n                  \u001b[36m<span>\u001b[39m\n                    \u001b[0mNext turn: +\u001b[0m\n                    \u001b[0m0\u001b[0m\n                    \u001b[0m energy\u001b[0m\n                  \u001b[36m</span>\u001b[39m\n                \u001b[36m</span>\u001b[39m\n              \u001b[36m</span>\u001b[39m\n            \u001b[36m</div>\u001b[39m\n          \u001b[36m</div>\u001b[39m\n          \u001b[36m<div\u001b[39m\n            \u001b[33mclass\u001b[39m=\u001b[32m\"player-hud-center\"\u001b[39m\n          \u001b[36m>\u001b[39m\n            \u001b[36m<div\u001b[39m\n              \u001b[33mclass\u001b[39m=\u001b[32m\"player-hp-row\"\u001b[39m\n            \u001b[36m>\u001b[39m\n              \u001b[36m<div\u001b[39m\n                \u001b[33maria-valuemax\u001b[39m=\u001b[32m\"100\"\u001b[39m\n                \u001b[33maria-valuemin\u001b[39m=\u001b[32m\"0\"\u001b[39m\n                \u001b[33maria-valuenow\u001b[39m=\u001b[32m\"100\"\u001b[39m\n                \u001b[33mclass\u001b[39m=\u001b[32m\"player-hp-bar    \"\u001b[39m\n                \u001b[33mrole\u001b[39m=\u001b[32m\"progressbar\"\u001b[39m\n              \u001b[36m>\u001b[39m\n                \u001b[36m<div\u001b[39m\n                  \u001b[33mclass\u001b[39m=\u001b[32m\"player-hp-fill player-hp-fill--health\"\u001b[39m\n                  \u001b[33mstyle\u001b[39m=\u001b[32m\"width: 100%;\"\u001b[39m\n                \u001b[36m/>\u001b[39m\n                \u001b[36m<div\u001b[39m\n                  \u001b[33mclass\u001b[39m=\u001b[32m\"player-hp-fill player-hp-fill--shield\"\u001b[39m\n                  \u001b[33mstyle\u001b[39m=\u001b[32m\"left: 100%; width: 0%;\"\u001b[39m\n                \u001b[36m/>\u001b[39m\n                \u001b[36m<span\u001b[39m\n                  \u001b[33mclass\u001b[39m=\u001b[32m\"player-hp-label \"\u001b[39m\n                \u001b[36m>\u001b[39m\n                  \u001b[0m100\u001b[0m\n                  \u001b[0m / \u001b[0m\n                  \u001b[0m100\u001b[0m\n                  \u001b[0m HP\u001b[0m\n                \u001b[36m</span>\u001b[39m\n              \u001b[36m</div>\u001b[39m\n            \u001b[36m</div>\u001b[39m\n          \u001b[36m</div>\u001b[39m\n          \u001b[36m<div\u001b[39m\n            \u001b[33mclass\u001b[39m=\u001b[32m\"player-hud-right\"\u001b[39m\n          \u001b[36m>\u001b[39m\n            \u001b[36m<button\u001b[39m\n              \u001b[33mclass\u001b[39m=\u001b[32m\"end-turn-button\"\u001b[39m\n              \u001b[33mtype\u001b[39m=\u001b[32m\"button\"\u001b[39m\n            \u001b[36m>\u001b[39m\n              \u001b[0mEnd Turn\u001b[0m\n            \u001b[36m</button>\u001b[39m\n          \u001b[36m</div>\u001b[39m\n        \u001b[36m</div>\u001b[39m\n        \u001b[36m<div\u001b[39m\n          \u001b[33maria-label\u001b[39m=\u001b[32m\"Turn energy 1 out of 9\"\u001b[39m\n          \u001b[33maria-live\u001b[39m=\u001b[32m\"polite\"\u001b[39m\n          \u001b[33mclass\u001b[39m=\u001b[32m\"energy-row\"\u001b[39m\n        \u001b[36m>\u001b[39m\n          \u001b[36m<span\u001b[39m\n            \u001b[33mclass\u001b[39m=\u001b[32m\"energy-row-label\"\u001b[39m\n          \u001b[36m>\u001b[39m\n            \u001b[0mYOUR TURN\u001b[0m\n          \u001b[36m</span>\u001b[39m\n          \u001b[36m<div\u001b[39m\n            \u001b[33mclass\u001b[39m=\u001b[32m\"energy-pips\"\u001b[39m\n          \u001b[36m>\u001b[39m\n            \u001b[36m<span\u001b[39m\n              \u001b[33maria-hidden\u001b[39m=\u001b[32m\"true\"\u001b[39m\n              \u001b[33mclass\u001b[39m=\u001b[32m\"energy-pip is-active\"\u001b[39m\n            \u001b[36m/>\u001b[39m\n            \u001b[36m<span\u001b[39m\n              \u001b[33maria-hidden\u001b[39m=\u001b[32m\"true\"\u001b[39m\n              \u001b[33mclass\u001b[39m=\u001b[32m\"energy-pip is-spent\"\u001b[39m\n            \u001b[36m/>\u001b[39m\n            \u001b[36m<span\u001b[39m\n              \u001b[33maria-hidden\u001b[39m=\u001b[32m\"true\"\u001b[39m\n              \u001b[33mclass\u001b[39m=\u001b[32m\"energy-pip is-spent\"\u001b[39m\n            \u001b[36m/>\u001b[39m\n            \u001b[36m<span\u001b[39m\n              \u001b[33maria-hidden\u001b[39m=\u001b[32m\"true\"\u001b[39m\n              \u001b[33mclass\u001b[39m=\u001b[32m\"energy-pip is-spent\"\u001b[39m\n            \u001b[36m/>\u001b[39m\n            \u001b[36m<span\u001b[39m\n              \u001b[33maria-hidden\u001b[39m=\u001b[32m\"true\"\u001b[39m\n              \u001b[33mclass\u001b[39m=\u001b[32m\"energy-pip is-spent\"\u001b[39m\n            \u001b[36m/>\u001b[39m\n            \u001b[36m<span\u001b[39m\n              \u001b[33maria-hidden\u001b[39m=\u001b[32m\"true\"\u001b[39m\n              \u001b[33mclass\u001b[39m=\u001b[32m\"energy-pip is-spent\"\u001b[39m\n            \u001b[36m/>\u001b[39m\n            \u001b[36m<span\u001b[39m\n              \u001b[33maria-hidden\u001b[39m=\u001b[32m\"true\"\u001b[39m\n              \u001b[33mclass\u001b[39m=\u001b[32m\"energy-pip is-spent\"\u001b[39m\n            \u001b[36m/>\u001b[39m\n            \u001b[36m<span\u001b[39m\n              \u001b[33maria-hidden\u001b[39m=\u001b[32m\"true\"\u001b[39m\n              \u001b[33mclass\u001b[39m=\u001b[32m\"energy-pip is-spent\"\u001b[39m\n            \u001b[36m/>\u001b[39m\n            \u001b[36m<span\u001b[39m\n              \u001b[33maria-hidden\u001b[39m=\u001b[32m\"true\"\u001b[39m\n              \u001b[33mclass\u001b[39m=\u001b[32m\"energy-pip is-spent\"\u001b[39m\n            \u001b[36m/>\u001b[39m\n          \u001b[36m</div>\u001b[39m\n          \u001b[36m<span\u001b[39m\n            \u001b[33mclass\u001b[39m=\u001b[32m\"energy-row-count\"\u001b[39m\n          \u001b[36m>\u001b[39m\n            \u001b[0m1\u001b[0m\n            \u001b[0m/\u001b[0m\n            \u001b[0m9\u001b[0m\n          \u001b[36m</span>\u001b[39m\n        \u001b[36m</div>\u001b[39m\n      \u001b[36m</div>\u001b[39m\n      \u001b[36m<aside\u001b[39m\n        \u001b[33maria-label\u001b[39m=\u001b[32m\"Fight event log\"\u001b[39m\n        \u001b[33mclass\u001b[39m=\u001b[32m\"event-log-panel is-collapsed\"\u001b[39m\n      \u001b[36m>\u001b[39m\n        \u001b[36m<button\u001b[39m\n          \u001b[33maria-controls\u001b[39m=\u001b[32m\"fight-battle-log-list\"\u001b[39m\n          \u001b[33maria-expanded\u001b[39m=\u001b[32m\"false\"\u001b[39m\n          \u001b[33mclass\u001b[39m=\u001b[32m\"event-log-title\"\u001b[39m\n          \u001b[33mtype\u001b[39m=\u001b[32m\"button\"\u001b[39m\n        \u001b[36m>\u001b[39m\n          \u001b[36m<span>\u001b[39m\n            \u001b[0mBATTLE LOG\u001b[0m\n          \u001b[36m</span>\u001b[39m\n          \u001b[36m<span\u001b[39m\n            \u001b[33maria-hidden\u001b[39m=\u001b[32m\"true\"\u001b[39m\n            \u001b[33mclass\u001b[39m=\u001b[32m\"event-log-title-toggle\"\u001b[39m\n          \u001b[36m>\u001b[39m\n            \u001b[0m+\u001b[0m\n          \u001b[36m</span>\u001b[39m\n        \u001b[36m</button>\u001b[39m\n      \u001b[36m</aside>\u001b[39m\n    \u001b[36m</div>\u001b[39m\n  \u001b[36m</div>\u001b[39m\n\u001b[36m</body>\u001b[39m\n    at Proxy.waitForWrapper (D:\\source\\repos\\Wade.fun\\node_modules\\@testing-library\\dom\\dist\\wait-for.js:163:27)\n    at D:/source/repos/Wade.fun/src/pages/fight.status-effects.test.tsx:194:15\n    at file:///D:/source/repos/Wade.Fun/node_modules/@vitest/runner/dist/chunk-artifact.js:1903:20"],"meta":{},"tags":[]},{"ancestorTitles":["Fight status effects"],"fullName":"Fight status effects soak increases lightning damage and is consumed","status":"failed","title":"soak increases lightning damage and is consumed","duration":5236.7742,"failureMessages":["Error: Unable to find an element with the text: /zap \\(lightning\\) deals 16 damage/i. This could be because the text is broken up by multiple elements. In this case, you can provide a function for your text matcher to make your matcher more flexible.\n\nIgnored nodes: comments, script, style\n\u001b[36m<body>\u001b[39m\n  \u001b[36m<div>\u001b[39m\n    \u001b[36m<div\u001b[39m\n      \u001b[33mid\u001b[39m=\u001b[32m\"Fight\"\u001b[39m\n    \u001b[36m>\u001b[39m\n      \u001b[36m<div\u001b[39m\n        \u001b[33mclass\u001b[39m=\u001b[32m\"fight-arena\"\u001b[39m\n      \u001b[36m>\u001b[39m\n        \u001b[36m<div\u001b[39m\n          \u001b[33mclass\u001b[39m=\u001b[32m\"enemy-zone\"\u001b[39m\n        \u001b[36m>\u001b[39m\n          \u001b[36m<div\u001b[39m\n            \u001b[33mclass\u001b[39m=\u001b[32m\"enemy-header\"\u001b[39m\n          \u001b[36m>\u001b[39m\n            \u001b[36m<span\u001b[39m\n              \u001b[33mclass\u001b[39m=\u001b[32m\"enemy-name\"\u001b[39m\n            \u001b[36m>\u001b[39m\n              \u001b[0mTraining Dummy\u001b[0m\n            \u001b[36m</span>\u001b[39m\n          \u001b[36m</div>\u001b[39m\n          \u001b[36m<div\u001b[39m\n            \u001b[33maria-valuemax\u001b[39m=\u001b[32m\"50\"\u001b[39m\n            \u001b[33maria-valuemin\u001b[39m=\u001b[32m\"0\"\u001b[39m\n            \u001b[33maria-valuenow\u001b[39m=\u001b[32m\"34\"\u001b[39m\n            \u001b[33mclass\u001b[39m=\u001b[32m\"enemy-hp-bar\"\u001b[39m\n            \u001b[33mrole\u001b[39m=\u001b[32m\"progressbar\"\u001b[39m\n          \u001b[36m>\u001b[39m\n            \u001b[36m<div\u001b[39m\n              \u001b[33mclass\u001b[39m=\u001b[32m\"enemy-hp-fill\"\u001b[39m\n              \u001b[33mstyle\u001b[39m=\u001b[32m\"width: 68%;\"\u001b[39m\n            \u001b[36m/>\u001b[39m\n            \u001b[36m<span\u001b[39m\n              \u001b[33mclass\u001b[39m=\u001b[32m\"enemy-hp-label\"\u001b[39m\n            \u001b[36m>\u001b[39m\n              \u001b[0m34\u001b[0m\n              \u001b[0m / \u001b[0m\n              \u001b[0m50\u001b[0m\n              \u001b[0m HP\u001b[0m\n            \u001b[36m</span>\u001b[39m\n          \u001b[36m</div>\u001b[39m\n          \u001b[36m<div\u001b[39m\n            \u001b[33mclass\u001b[39m=\u001b[32m\"enemy-stage\"\u001b[39m\n          \u001b[36m>\u001b[39m\n            \u001b[36m<div\u001b[39m\n              \u001b[33mclass\u001b[39m=\u001b[32m\"enemy-sprite-card \"\u001b[39m\n              \u001b[33mstyle\u001b[39m=\u001b[32m\"--enemy-hit-flash: #ffe56d;\"\u001b[39m\n            \u001b[36m>\u001b[39m\n              \u001b[36m<span\u001b[39m\n                \u001b[33mclass\u001b[39m=\u001b[32m\"enemy-sprite-hitbox\"\u001b[39m\n              \u001b[36m>\u001b[39m\n                \u001b[36m<img\u001b[39m\n                  \u001b[33malt\u001b[39m=\u001b[32m\"Training Dummy sprite\"\u001b[39m\n                  \u001b[33mclass\u001b[39m=\u001b[32m\"enemy-sprite-image\"\u001b[39m\n                  \u001b[33msrc\u001b[39m=\u001b[32m\"/src/assets/sprites/Mage.gif\"\u001b[39m\n                \u001b[36m/>\u001b[39m\n              \u001b[36m</span>\u001b[39m\n              \u001b[36m<div\u001b[39m\n                \u001b[33maria-hidden\u001b[39m=\u001b[32m\"true\"\u001b[39m\n                \u001b[33mclass\u001b[39m=\u001b[32m\"enemy-meta-tooltip\"\u001b[39m\n              \u001b[36m>\u001b[39m\n                \u001b[36m<div\u001b[39m\n                  \u001b[33mclass\u001b[39m=\u001b[32m\"enemy-meta-section\"\u001b[39m\n                \u001b[36m>\u001b[39m\n                  \u001b[36m<span\u001b[39m\n                    \u001b[33mclass\u001b[39m=\u001b[32m\"enemy-meta-label\"\u001b[39m\n                  \u001b[36m>\u001b[39m\n                    \u001b[0mHP\u001b[0m\n                  \u001b[36m</span>\u001b[39m\n                  \u001b[36m<span\u001b[39m\n                    \u001b[33mclass\u001b[39m=\u001b[32m\"enemy-meta-value\"\u001b[39m\n                  \u001b[36m>\u001b[39m\n                    \u001b[0m34\u001b[0m\n                    \u001b[0m / \u001b[0m\n                    \u001b[0m50\u001b[0m\n                  \u001b[36m</span>\u001b[39m\n                \u001b[36m</div>\u001b[39m\n                \u001b[36m<div\u001b[39m\n                  \u001b[33mclass\u001b[39m=\u001b[32m\"enemy-meta-section\"\u001b[39m\n                \u001b[36m>\u001b[39m\n                  \u001b[36m<span\u001b[39m\n                    \u001b[33mclass\u001b[39m=\u001b[32m\"enemy-meta-label\"\u001b[39m\n                  \u001b[36m>\u001b[39m\n                    \u001b[0mWeaknesses\u001b[0m\n                  \u001b[36m</span>\u001b[39m\n                  \u001b[36m<div\u001b[39m\n                    \u001b[33mclass\u001b[39m=\u001b[32m\"enemy-meta-chip-list\"\u001b[39m\n                  \u001b[36m>\u001b[39m\n                    \u001b[36m<span\u001b[39m\n                      \u001b[33mclass\u001b[39m=\u001b[32m\"enemy-meta-chip enemy-meta-chip-muted\"\u001b[39m\n                    \u001b[36m>\u001b[39m\n                      \u001b[0mNone\u001b[0m\n                    \u001b[36m</span>\u001b[39m\n                  \u001b[36m</div>\u001b[39m\n                \u001b[36m</div>\u001b[39m\n                \u001b[36m<div\u001b[39m\n                  \u001b[33mclass\u001b[39m=\u001b[32m\"enemy-meta-section\"\u001b[39m\n                \u001b[36m>\u001b[39m\n                  \u001b[36m<span\u001b[39m\n                    \u001b[33mclass\u001b[39m=\u001b[32m\"enemy-meta-label\"\u001b[39m\n                  \u001b[36m>\u001b[39m\n                    \u001b[0mElements\u001b[0m\n                  \u001b[36m</span>\u001b[39m\n                  \u001b[36m<div\u001b[39m\n                    \u001b[33mclass\u001b[39m=\u001b[32m\"enemy-meta-chip-list\"\u001b[39m\n                  \u001b[36m>\u001b[39m\n                    \u001b[36m<span\u001b[39m\n                      \u001b[33mclass\u001b[39m=\u001b[32m\"enemy-meta-chip enemy-meta-chip-attack\"\u001b[39m\n                    \u001b[36m>\u001b[39m\n                      \u001b[0mBonk\u001b[0m\n                      \u001b[0m (\u001b[0m\n                      \u001b[0m0\u001b[0m\n                      \u001b[0m)\u001b[0m\n                    \u001b[36m</span>\u001b[39m\n                  \u001b[36m</div>\u001b[39m\n                \u001b[36m</div>\u001b[39m\n              \u001b[36m</div>\u001b[39m\n            \u001b[36m</div>\u001b[39m\n          \u001b[36m</div>\u001b[39m\n          \u001b[36m<div\u001b[39m\n            \u001b[33maria-hidden\u001b[39m=\u001b[32m\"false\"\u001b[39m\n            \u001b[33maria-label\u001b[39m=\u001b[32m\"Enemy intends to attack with Bonk\"\u001b[39m\n            \u001b[33mclass\u001b[39m=\u001b[32m\"enemy-intent-badge  \"\u001b[39m\n          \u001b[36m>\u001b[39m\n            \u001b[36m<div\u001b[39m\n              \u001b[33mclass\u001b[39m=\u001b[32m\"enemy-intent-icon\"\u001b[39m\n            \u001b[36m>\u001b[39m\n              \u001b[0mBonk\u001b[0m\n            \u001b[36m</div>\u001b[39m\n            \u001b[36m<div\u001b[39m\n              \u001b[33mclass\u001b[39m=\u001b[32m\"enemy-intent-damage\"\u001b[39m\n            \u001b[36m>\u001b[39m\n              \u001b[0m0\u001b[0m\n            \u001b[36m</div>\u001b[39m\n            \u001b[36m<div\u001b[39m\n              \u001b[33mclass\u001b[39m=\u001b[32m\"enemy-intent-label\"\u001b[39m\n            \u001b[36m>\u001b[39m\n              \u001b[0mNEXT ATTACK\u001b[0m\n            \u001b[36m</div>\u001b[39m\n          \u001b[36m</div>\u001b[39m\n        \u001b[36m</div>\u001b[39m\n        \u001b[36m<div\u001b[39m\n          \u001b[33mclass\u001b[39m=\u001b[32m\"spell-hand\"\u001b[39m\n        \u001b[36m>\u001b[39m\n          \u001b[36m<div\u001b[39m\n            \u001b[33mclass\u001b[39m=\u001b[32m\"spell-hand-scroll\"\u001b[39m\n          \u001b[36m>\u001b[39m\n            \u001b[36m<button\u001b[39m\n              \u001b[33mclass\u001b[39m=\u001b[32m\"spell-card     \"\u001b[39m\n              \u001b[33mstyle\u001b[39m=\u001b[32m\"--spell-slot-bg: #9ad6ff; --spell-slot-border: #3c84c4; --spell-slot-text: #081f33;\"\u001b[39m\n              \u001b[33mtype\u001b[39m=\u001b[32m\"button\"\u001b[39m\n            \u001b[36m>\u001b[39m\n              \u001b[36m<span\u001b[39m\n                \u001b[33mclass\u001b[39m=\u001b[32m\"spell-card-energy\"\u001b[39m\n              \u001b[36m>\u001b[39m\n                \u001b[0m1\u001b[0m\n              \u001b[36m</span>\u001b[39m\n              \u001b[36m<div\u001b[39m\n                \u001b[33mclass\u001b[39m=\u001b[32m\"spell-card-icon\"\u001b[39m\n              \u001b[36m>\u001b[39m\n                \u001b[0mDrench\u001b[0m\n              \u001b[36m</div>\u001b[39m\n              \u001b[36m<div\u001b[39m\n                \u001b[33mclass\u001b[39m=\u001b[32m\"spell-card-name\"\u001b[39m\n              \u001b[36m>\u001b[39m\n                \u001b[0mDrench\u001b[0m\n              \u001b[36m</div>\u001b[39m\n              \u001b[36m<div\u001b[39m\n                \u001b[33mclass\u001b[39m=\u001b[32m\"spell-card-damage\"\u001b[39m\n              \u001b[36m>\u001b[39m\n                \u001b[0m0\u001b[0m\n              \u001b[36m</div>\u001b[39m\n            \u001b[36m</button>\u001b[39m\n            \u001b[36m<button\u001b[39m\n              \u001b[33mclass\u001b[39m=\u001b[32m\"spell-card is-flashing    \"\u001b[39m\n              \u001b[33mstyle\u001b[39m=\u001b[32m\"--spell-slot-bg: #ffe56d; --spell-slot-border: #b59308; --spell-slot-text: #332700;\"\u001b[39m\n              \u001b[33mtype\u001b[39m=\u001b[32m\"button\"\u001b[39m\n            \u001b[36m>\u001b[39m\n              \u001b[36m<span\u001b[39m\n                \u001b[33mclass\u001b[39m=\u001b[32m\"spell-card-energy\"\u001b[39m\n              \u001b[36m>\u001b[39m\n                \u001b[0m1\u001b[0m\n              \u001b[36m</span>\u001b[39m\n              \u001b[36m<div\u001b[39m\n                \u001b[33mclass\u001b[39m=\u001b[32m\"spell-card-icon\"\u001b[39m\n              \u001b[36m>\u001b[39m\n                \u001b[0mZap\u001b[0m\n              \u001b[36m</div>\u001b[39m\n              \u001b[36m<div\u001b[39m\n                \u001b[33mclass\u001b[39m=\u001b[32m\"spell-card-name\"\u001b[39m\n              \u001b[36m>\u001b[39m\n                \u001b[0mZap\u001b[0m\n              \u001b[36m</div>\u001b[39m\n              \u001b[36m<div\u001b[39m\n                \u001b[33mclass\u001b[39m=\u001b[32m\"spell-card-damage\"\u001b[39m\n              \u001b[36m>\u001b[39m\n                \u001b[0m10\u001b[0m\n              \u001b[36m</div>\u001b[39m\n            \u001b[36m</button>\u001b[39m\n          \u001b[36m</div>\u001b[39m\n        \u001b[36m</div>\u001b[39m\n        \u001b[36m<div\u001b[39m\n          \u001b[33mclass\u001b[39m=\u001b[32m\"player-hud\"\u001b[39m\n        \u001b[36m>\u001b[39m\n          \u001b[36m<div\u001b[39m\n            \u001b[33mclass\u001b[39m=\u001b[32m\"player-hud-left\"\u001b[39m\n          \u001b[36m>\u001b[39m\n            \u001b[36m<div\u001b[39m\n              \u001b[33mclass\u001b[39m=\u001b[32m\"player-name-banner\"\u001b[39m\n            \u001b[36m>\u001b[39m\n              \u001b[0mTester\u001b[0m\n            \u001b[36m</div>\u001b[39m\n            \u001b[36m<div\u001b[39m\n              \u001b[33maria-label\u001b[39m=\u001b[32m\"Player status effects\"\u001b[39m\n              \u001b[33mclass\u001b[39m=\u001b[32m\"player-status-strip\"\u001b[39m\n            \u001b[36m>\u001b[39m\n              \u001b[36m<span\u001b[39m\n                \u001b[33maria-hidden\u001b[39m=\u001b[32m\"true\"\u001b[39m\n                \u001b[33mclass\u001b[39m=\u001b[32m\"player-status-badge player-status-badge--burn is-hidden\"\u001b[39m\n              \u001b[36m>\u001b[39m\n                \u001b[36m<span\u001b[39m\n                  \u001b[33maria-hidden\u001b[39m=\u001b[32m\"true\"\u001b[39m\n                  \u001b[33mclass\u001b[39m=\u001b[32m\"player-status-icon\"\u001b[39m\n                \u001b[36m>\u001b[39m\n                  \u001b[0m🔥\u001b[0m\n                \u001b[36m</span>\u001b[39m\n                \u001b[36m<span\u001b[39m\n                  \u001b[33mclass\u001b[39m=\u001b[32m\"player-status-count\"\u001b[39m\n                \u001b[36m/>\u001b[39m\n                \u001b[36m<span\u001b[39m\n                  \u001b[33mclass\u001b[39m=\u001b[32m\"player-status-tooltip\"\u001b[39m\n                \u001b[36m>\u001b[39m\n                  \u001b[36m<span>\u001b[39m\n                    \u001b[0mBurn Stacks: \u001b[0m\n                    \u001b[0m0\u001b[0m\n                  \u001b[36m</span>\u001b[39m\n                  \u001b[36m<span>\u001b[39m\n                    \u001b[0mExpires in: \u001b[0m\n                    \u001b[0m0\u001b[0m\n                    \u001b[0m turns\u001b[0m\n                  \u001b[36m</span>\u001b[39m\n                  \u001b[36m<span>\u001b[39m\n                    \u001b[0mFire bonus: \u001b[0m\n                    \u001b[0m0\u001b[0m\n                    \u001b[0m%\u001b[0m\n                  \u001b[36m</span>\u001b[39m\n                  \u001b[36m<span>\u001b[39m\n                    \u001b[0mBoosts fire attacks while it lasts\u001b[0m\n                  \u001b[36m</span>\u001b[39m\n                \u001b[36m</span>\u001b[39m\n              \u001b[36m</span>\u001b[39m\n              \u001b[36m<span\u001b[39m\n                \u001b[33maria-hidden\u001b[39m=\u001b[32m\"true\"\u001b[39m\n                \u001b[33mclass\u001b[39m=\u001b[32m\"player-status-badge player-status-badge--soak is-hidden\"\u001b[39m\n              \u001b[36m>\u001b[39m\n                \u001b[36m<span\u001b[39m\n                  \u001b[33maria-hidden\u001b[39m=\u001b[32m\"true\"\u001b[39m\n                  \u001b[33mclass\u001b[39m=\u001b[32m\"player-status-icon\"\u001b[39m\n                \u001b[36m>\u001b[39m\n                  \u001b[0m💧\u001b[0m\n                \u001b[36m</span>\u001b[39m\n                \u001b[36m<span\u001b[39m\n                  \u001b[33mclass\u001b[39m=\u001b[32m\"player-status-count\"\u001b[39m\n                \u001b[36m/>\u001b[39m\n                \u001b[36m<span\u001b[39m\n                  \u001b[33mclass\u001b[39m=\u001b[32m\"player-status-tooltip\"\u001b[39m\n                \u001b[36m>\u001b[39m\n                  \u001b[36m<span>\u001b[39m\n                    \u001b[0mSoak Stacks: \u001b[0m\n                    \u001b[0m0\u001b[0m\n                  \u001b[36m</span>\u001b[39m\n                  \u001b[36m<span>\u001b[39m\n                    \u001b[0mLightning +\u001b[0m\n                    \u001b[0m0\u001b[0m\n                  \u001b[36m</span>\u001b[39m\n                  \u001b[36m<span>\u001b[39m\n                    \u001b[0mFire -\u001b[0m\n                    \u001b[0m0\u001b[0m\n                  \u001b[36m</span>\u001b[39m\n                \u001b[36m</span>\u001b[39m\n              \u001b[36m</span>\u001b[39m\n              \u001b[36m<span\u001b[39m\n                \u001b[33maria-hidden\u001b[39m=\u001b[32m\"true\"\u001b[39m\n                \u001b[33mclass\u001b[39m=\u001b[32m\"player-status-badge player-status-badge--freeze is-hidden\"\u001b[39m\n              \u001b[36m>\u001b[39m\n                \u001b[36m<span\u001b[39m\n                  \u001b[33maria-hidden\u001b[39m=\u001b[32m\"true\"\u001b[39m\n                  \u001b[33mclass\u001b[39m=\u001b[32m\"player-status-icon\"\u001b[39m\n                \u001b[36m>\u001b[39m\n                  \u001b[0m❄\u001b[0m\n                \u001b[36m</span>\u001b[39m\n                \u001b[36m<span\u001b[39m\n                  \u001b[33mclass\u001b[39m=\u001b[32m\"player-status-count\"\u001b[39m\n                \u001b[36m/>\u001b[39m\n                \u001b[36m<span\u001b[39m\n                  \u001b[33mclass\u001b[39m=\u001b[32m\"player-status-tooltip\"\u001b[39m\n                \u001b[36m>\u001b[39m\n                  \u001b[36m<span>\u001b[39m\n                    \u001b[0mFreeze Stacks: \u001b[0m\n                    \u001b[0m0\u001b[0m\n                  \u001b[36m</span>\u001b[39m\n                  \u001b[36m<span>\u001b[39m\n                    \u001b[0mFire gains +\u001b[0m\n                    \u001b[0m0\u001b[0m\n                    \u001b[0m damage\u001b[0m\n                  \u001b[36m</span>\u001b[39m\n                \u001b[36m</span>\u001b[39m\n              \u001b[36m</span>\u001b[39m\n              \u001b[36m<span\u001b[39m\n                \u001b[33maria-hidden\u001b[39m=\u001b[32m\"true\"\u001b[39m\n                \u001b[33mclass\u001b[39m=\u001b[32m\"player-status-badge player-status-badge--energize is-hidden\"\u001b[39m\n              \u001b[36m>\u001b[39m\n                \u001b[36m<span\u001b[39m\n                  \u001b[33maria-hidden\u001b[39m=\u001b[32m\"true\"\u001b[39m\n                  \u001b[33mclass\u001b[39m=\u001b[32m\"player-status-icon\"\u001b[39m\n                \u001b[36m>\u001b[39m\n                  \u001b[36m<img\u001b[39m\n                    \u001b[33malt\u001b[39m=\u001b[32m\"\"\u001b[39m\n                    \u001b[33msrc\u001b[39m=\u001b[32m\"/src/assets/icons/Energize.png\"\u001b[39m\n                    \u001b[33mstyle\u001b[39m=\u001b[32m\"width: 0.85rem; height: 0.85rem; object-fit: contain;\"\u001b[39m\n                  \u001b[36m/>\u001b[39m\n                \u001b[36m</span>\u001b[39m\n                \u001b[36m<span\u001b[39m\n                  \u001b[33mclass\u001b[39m=\u001b[32m\"player-status-count\"\u001b[39m\n                \u001b[36m/>\u001b[39m\n                \u001b[36m<span\u001b[39m\n                  \u001b[33mclass\u001b[39m=\u001b[32m\"player-status-tooltip\"\u001b[39m\n                \u001b[36m>\u001b[39m\n                  \u001b[36m<span>\u001b[39m\n                    \u001b[0mEnergize Stacks: \u001b[0m\n                    \u001b[0m0\u001b[0m\n                  \u001b[36m</span>\u001b[39m\n                  \u001b[36m<span>\u001b[39m\n                    \u001b[0mNext turn: +\u001b[0m\n                    \u001b[0m0\u001b[0m\n                    \u001b[0m energy\u001b[0m\n                  \u001b[36m</span>\u001b[39m\n                \u001b[36m</span>\u001b[39m\n              \u001b[36m</span>\u001b[39m\n            \u001b[36m</div>\u001b[39m\n          \u001b[36m</div>\u001b[39m\n          \u001b[36m<div\u001b[39m\n            \u001b[33mclass\u001b[39m=\u001b[32m\"player-hud-center\"\u001b[39m\n          \u001b[36m>\u001b[39m\n            \u001b[36m<div\u001b[39m\n              \u001b[33mclass\u001b[39m=\u001b[32m\"player-hp-row\"\u001b[39m\n            \u001b[36m>\u001b[39m\n              \u001b[36m<div\u001b[39m\n                \u001b[33maria-valuemax\u001b[39m=\u001b[32m\"100\"\u001b[39m\n                \u001b[33maria-valuemin\u001b[39m=\u001b[32m\"0\"\u001b[39m\n                \u001b[33maria-valuenow\u001b[39m=\u001b[32m\"100\"\u001b[39m\n                \u001b[33mclass\u001b[39m=\u001b[32m\"player-hp-bar    \"\u001b[39m\n                \u001b[33mrole\u001b[39m=\u001b[32m\"progressbar\"\u001b[39m\n              \u001b[36m>\u001b[39m\n                \u001b[36m<div\u001b[39m\n                  \u001b[33mclass\u001b[39m=\u001b[32m\"player-hp-fill player-hp-fill--health\"\u001b[39m\n                  \u001b[33mstyle\u001b[39m=\u001b[32m\"width: 100%;\"\u001b[39m\n                \u001b[36m/>\u001b[39m\n                \u001b[36m<div\u001b[39m\n                  \u001b[33mclass\u001b[39m=\u001b[32m\"player-hp-fill player-hp-fill--shield\"\u001b[39m\n                  \u001b[33mstyle\u001b[39m=\u001b[32m\"left: 100%; width: 0%;\"\u001b[39m\n                \u001b[36m/>\u001b[39m\n                \u001b[36m<span\u001b[39m\n                  \u001b[33mclass\u001b[39m=\u001b[32m\"player-hp-label \"\u001b[39m\n                \u001b[36m>\u001b[39m\n                  \u001b[0m100\u001b[0m\n                  \u001b[0m / \u001b[0m\n                  \u001b[0m100\u001b[0m\n                  \u001b[0m HP\u001b[0m\n                \u001b[36m</span>\u001b[39m\n              \u001b[36m</div>\u001b[39m\n            \u001b[36m</div>\u001b[39m\n          \u001b[36m</div>\u001b[39m\n          \u001b[36m<div\u001b[39m\n            \u001b[33mclass\u001b[39m=\u001b[32m\"player-hud-right\"\u001b[39m\n          \u001b[36m>\u001b[39m\n            \u001b[36m<button\u001b[39m\n              \u001b[33mclass\u001b[39m=\u001b[32m\"end-turn-button\"\u001b[39m\n              \u001b[33mtype\u001b[39m=\u001b[32m\"button\"\u001b[39m\n            \u001b[36m>\u001b[39m\n              \u001b[0mEnd Turn\u001b[0m\n            \u001b[36m</button>\u001b[39m\n          \u001b[36m</div>\u001b[39m\n        \u001b[36m</div>\u001b[39m\n        \u001b[36m<div\u001b[39m\n          \u001b[33maria-label\u001b[39m=\u001b[32m\"Turn energy 1 out of 9\"\u001b[39m\n          \u001b[33maria-live\u001b[39m=\u001b[32m\"polite\"\u001b[39m\n          \u001b[33mclass\u001b[39m=\u001b[32m\"energy-row\"\u001b[39m\n        \u001b[36m>\u001b[39m\n          \u001b[36m<span\u001b[39m\n            \u001b[33mclass\u001b[39m=\u001b[32m\"energy-row-label\"\u001b[39m\n          \u001b[36m>\u001b[39m\n            \u001b[0mYOUR TURN\u001b[0m\n          \u001b[36m</span>\u001b[39m\n          \u001b[36m<div\u001b[39m\n            \u001b[33mclass\u001b[39m=\u001b[32m\"energy-pips\"\u001b[39m\n          \u001b[36m>\u001b[39m\n            \u001b[36m<span\u001b[39m\n              \u001b[33maria-hidden\u001b[39m=\u001b[32m\"true\"\u001b[39m\n              \u001b[33mclass\u001b[39m=\u001b[32m\"energy-pip is-active\"\u001b[39m\n            \u001b[36m/>\u001b[39m\n            \u001b[36m<span\u001b[39m\n              \u001b[33maria-hidden\u001b[39m=\u001b[32m\"true\"\u001b[39m\n              \u001b[33mclass\u001b[39m=\u001b[32m\"energy-pip is-spent\"\u001b[39m\n            \u001b[36m/>\u001b[39m\n            \u001b[36m<span\u001b[39m\n              \u001b[33maria-hidden\u001b[39m=\u001b[32m\"true\"\u001b[39m\n              \u001b[33mclass\u001b[39m=\u001b[32m\"energy-pip is-spent\"\u001b[39m\n            \u001b[36m/>\u001b[39m\n            \u001b[36m<span\u001b[39m\n              \u001b[33maria-hidden\u001b[39m=\u001b[32m\"true\"\u001b[39m\n              \u001b[33mclass\u001b[39m=\u001b[32m\"energy-pip is-spent\"\u001b[39m\n            \u001b[36m/>\u001b[39m\n            \u001b[36m<span\u001b[39m\n              \u001b[33maria-hidden\u001b[39m=\u001b[32m\"true\"\u001b[39m\n              \u001b[33mclass\u001b[39m=\u001b[32m\"energy-pip is-spent\"\u001b[39m\n            \u001b[36m/>\u001b[39m\n            \u001b[36m<span\u001b[39m\n              \u001b[33maria-hidden\u001b[39m=\u001b[32m\"true\"\u001b[39m\n              \u001b[33mclass\u001b[39m=\u001b[32m\"energy-pip is-spent\"\u001b[39m\n            \u001b[36m/>\u001b[39m\n            \u001b[36m<span\u001b[39m\n              \u001b[33maria-hidden\u001b[39m=\u001b[32m\"true\"\u001b[39m\n              \u001b[33mclass\u001b[39m=\u001b[32m\"energy-pip is-spent\"\u001b[39m\n            \u001b[36m/>\u001b[39m\n            \u001b[36m<span\u001b[39m\n              \u001b[33maria-hidden\u001b[39m=\u001b[32m\"true\"\u001b[39m\n              \u001b[33mclass\u001b[39m=\u001b[32m\"energy-pip is-spent\"\u001b[39m\n            \u001b[36m/>\u001b[39m\n            \u001b[36m<span\u001b[39m\n              \u001b[33maria-hidden\u001b[39m=\u001b[32m\"true\"\u001b[39m\n              \u001b[33mclass\u001b[39m=\u001b[32m\"energy-pip is-spent\"\u001b[39m\n            \u001b[36m/>\u001b[39m\n          \u001b[36m</div>\u001b[39m\n          \u001b[36m<span\u001b[39m\n            \u001b[33mclass\u001b[39m=\u001b[32m\"energy-row-count\"\u001b[39m\n          \u001b[36m>\u001b[39m\n            \u001b[0m1\u001b[0m\n            \u001b[0m/\u001b[0m\n            \u001b[0m9\u001b[0m\n          \u001b[36m</span>\u001b[39m\n        \u001b[36m</div>\u001b[39m\n      \u001b[36m</div>\u001b[39m\n      \u001b[36m<aside\u001b[39m\n        \u001b[33maria-label\u001b[39m=\u001b[32m\"Fight event log\"\u001b[39m\n        \u001b[33mclass\u001b[39m=\u001b[32m\"event-log-panel is-collapsed\"\u001b[39m\n      \u001b[36m>\u001b[39m\n        \u001b[36m<button\u001b[39m\n          \u001b[33maria-controls\u001b[39m=\u001b[32m\"fight-battle-log-list\"\u001b[39m\n          \u001b[33maria-expanded\u001b[39m=\u001b[32m\"false\"\u001b[39m\n          \u001b[33mclass\u001b[39m=\u001b[32m\"event-log-title\"\u001b[39m\n          \u001b[33mtype\u001b[39m=\u001b[32m\"button\"\u001b[39m\n        \u001b[36m>\u001b[39m\n          \u001b[36m<span>\u001b[39m\n            \u001b[0mBATTLE LOG\u001b[0m\n          \u001b[36m</span>\u001b[39m\n          \u001b[36m<span\u001b[39m\n            \u001b[33maria-hidden\u001b[39m=\u001b[32m\"true\"\u001b[39m\n            \u001b[33mclass\u001b[39m=\u001b[32m\"event-log-title-toggle\"\u001b[39m\n          \u001b[36m>\u001b[39m\n            \u001b[0m+\u001b[0m\n          \u001b[36m</span>\u001b[39m\n        \u001b[36m</button>\u001b[39m\n      \u001b[36m</aside>\u001b[39m\n    \u001b[36m</div>\u001b[39m\n  \u001b[36m</div>\u001b[39m\n\u001b[36m</body>\u001b[39m\n    at Proxy.waitForWrapper (D:\\source\\repos\\Wade.fun\\node_modules\\@testing-library\\dom\\dist\\wait-for.js:163:27)\n    at D:/source/repos/Wade.fun/src/pages/fight.status-effects.test.tsx:241:15\n    at file:///D:/source/repos/Wade.Fun/node_modules/@vitest/runner/dist/chunk-artifact.js:1903:20"],"meta":{},"tags":[]},{"ancestorTitles":["Fight status effects"],"fullName":"Fight status effects freeze adds bonus fire damage and is consumed","status":"failed","title":"freeze adds bonus fire damage and is consumed","duration":5389.492,"failureMessages":["Error: Unable to find an element with the text: /flare \\(fire\\) deals 25 damage/i. This could be because the text is broken up by multiple elements. In this case, you can provide a function for your text matcher to make your matcher more flexible.\n\nIgnored nodes: comments, script, style\n\u001b[36m<body>\u001b[39m\n  \u001b[36m<div>\u001b[39m\n    \u001b[36m<div\u001b[39m\n      \u001b[33mid\u001b[39m=\u001b[32m\"Fight\"\u001b[39m\n    \u001b[36m>\u001b[39m\n      \u001b[36m<div\u001b[39m\n        \u001b[33mclass\u001b[39m=\u001b[32m\"fight-arena\"\u001b[39m\n      \u001b[36m>\u001b[39m\n        \u001b[36m<div\u001b[39m\n          \u001b[33mclass\u001b[39m=\u001b[32m\"enemy-zone\"\u001b[39m\n        \u001b[36m>\u001b[39m\n          \u001b[36m<div\u001b[39m\n            \u001b[33mclass\u001b[39m=\u001b[32m\"enemy-header\"\u001b[39m\n          \u001b[36m>\u001b[39m\n            \u001b[36m<span\u001b[39m\n              \u001b[33mclass\u001b[39m=\u001b[32m\"enemy-name\"\u001b[39m\n            \u001b[36m>\u001b[39m\n              \u001b[0mTraining Dummy\u001b[0m\n            \u001b[36m</span>\u001b[39m\n          \u001b[36m</div>\u001b[39m\n          \u001b[36m<div\u001b[39m\n            \u001b[33maria-valuemax\u001b[39m=\u001b[32m\"60\"\u001b[39m\n            \u001b[33maria-valuemin\u001b[39m=\u001b[32m\"0\"\u001b[39m\n            \u001b[33maria-valuenow\u001b[39m=\u001b[32m\"35\"\u001b[39m\n            \u001b[33mclass\u001b[39m=\u001b[32m\"enemy-hp-bar\"\u001b[39m\n            \u001b[33mrole\u001b[39m=\u001b[32m\"progressbar\"\u001b[39m\n          \u001b[36m>\u001b[39m\n            \u001b[36m<div\u001b[39m\n              \u001b[33mclass\u001b[39m=\u001b[32m\"enemy-hp-fill\"\u001b[39m\n              \u001b[33mstyle\u001b[39m=\u001b[32m\"width: 58.333333333333336%;\"\u001b[39m\n            \u001b[36m/>\u001b[39m\n            \u001b[36m<span\u001b[39m\n              \u001b[33mclass\u001b[39m=\u001b[32m\"enemy-hp-label\"\u001b[39m\n            \u001b[36m>\u001b[39m\n              \u001b[0m35\u001b[0m\n              \u001b[0m / \u001b[0m\n              \u001b[0m60\u001b[0m\n              \u001b[0m HP\u001b[0m\n            \u001b[36m</span>\u001b[39m\n          \u001b[36m</div>\u001b[39m\n          \u001b[36m<div\u001b[39m\n            \u001b[33mclass\u001b[39m=\u001b[32m\"enemy-stage\"\u001b[39m\n          \u001b[36m>\u001b[39m\n            \u001b[36m<div\u001b[39m\n              \u001b[33mclass\u001b[39m=\u001b[32m\"enemy-sprite-card \"\u001b[39m\n              \u001b[33mstyle\u001b[39m=\u001b[32m\"--enemy-hit-flash: #ffb680;\"\u001b[39m\n            \u001b[36m>\u001b[39m\n              \u001b[36m<span\u001b[39m\n                \u001b[33mclass\u001b[39m=\u001b[32m\"enemy-sprite-hitbox\"\u001b[39m\n              \u001b[36m>\u001b[39m\n                \u001b[36m<img\u001b[39m\n                  \u001b[33malt\u001b[39m=\u001b[32m\"Training Dummy sprite\"\u001b[39m\n                  \u001b[33mclass\u001b[39m=\u001b[32m\"enemy-sprite-image\"\u001b[39m\n                  \u001b[33msrc\u001b[39m=\u001b[32m\"/src/assets/sprites/Mage.gif\"\u001b[39m\n                \u001b[36m/>\u001b[39m\n              \u001b[36m</span>\u001b[39m\n              \u001b[36m<div\u001b[39m\n                \u001b[33maria-hidden\u001b[39m=\u001b[32m\"true\"\u001b[39m\n                \u001b[33mclass\u001b[39m=\u001b[32m\"enemy-meta-tooltip\"\u001b[39m\n              \u001b[36m>\u001b[39m\n                \u001b[36m<div\u001b[39m\n                  \u001b[33mclass\u001b[39m=\u001b[32m\"enemy-meta-section\"\u001b[39m\n                \u001b[36m>\u001b[39m\n                  \u001b[36m<span\u001b[39m\n                    \u001b[33mclass\u001b[39m=\u001b[32m\"enemy-meta-label\"\u001b[39m\n                  \u001b[36m>\u001b[39m\n                    \u001b[0mHP\u001b[0m\n                  \u001b[36m</span>\u001b[39m\n                  \u001b[36m<span\u001b[39m\n                    \u001b[33mclass\u001b[39m=\u001b[32m\"enemy-meta-value\"\u001b[39m\n                  \u001b[36m>\u001b[39m\n                    \u001b[0m35\u001b[0m\n                    \u001b[0m / \u001b[0m\n                    \u001b[0m60\u001b[0m\n                  \u001b[36m</span>\u001b[39m\n                \u001b[36m</div>\u001b[39m\n                \u001b[36m<div\u001b[39m\n                  \u001b[33mclass\u001b[39m=\u001b[32m\"enemy-meta-section\"\u001b[39m\n                \u001b[36m>\u001b[39m\n                  \u001b[36m<span\u001b[39m\n                    \u001b[33mclass\u001b[39m=\u001b[32m\"enemy-meta-label\"\u001b[39m\n                  \u001b[36m>\u001b[39m\n                    \u001b[0mWeaknesses\u001b[0m\n                  \u001b[36m</span>\u001b[39m\n                  \u001b[36m<div\u001b[39m\n                    \u001b[33mclass\u001b[39m=\u001b[32m\"enemy-meta-chip-list\"\u001b[39m\n                  \u001b[36m>\u001b[39m\n                    \u001b[36m<span\u001b[39m\n                      \u001b[33mclass\u001b[39m=\u001b[32m\"enemy-meta-chip enemy-meta-chip-muted\"\u001b[39m\n                    \u001b[36m>\u001b[39m\n                      \u001b[0mNone\u001b[0m\n                    \u001b[36m</span>\u001b[39m\n                  \u001b[36m</div>\u001b[39m\n                \u001b[36m</div>\u001b[39m\n                \u001b[36m<div\u001b[39m\n                  \u001b[33mclass\u001b[39m=\u001b[32m\"enemy-meta-section\"\u001b[39m\n                \u001b[36m>\u001b[39m\n                  \u001b[36m<span\u001b[39m\n                    \u001b[33mclass\u001b[39m=\u001b[32m\"enemy-meta-label\"\u001b[39m\n                  \u001b[36m>\u001b[39m\n                    \u001b[0mElements\u001b[0m\n                  \u001b[36m</span>\u001b[39m\n                  \u001b[36m<div\u001b[39m\n                    \u001b[33mclass\u001b[39m=\u001b[32m\"enemy-meta-chip-list\"\u001b[39m\n                  \u001b[36m>\u001b[39m\n                    \u001b[36m<span\u001b[39m\n                      \u001b[33mclass\u001b[39m=\u001b[32m\"enemy-meta-chip enemy-meta-chip-attack\"\u001b[39m\n                    \u001b[36m>\u001b[39m\n                      \u001b[0mBonk\u001b[0m\n                      \u001b[0m (\u001b[0m\n                      \u001b[0m0\u001b[0m\n                      \u001b[0m)\u001b[0m\n                    \u001b[36m</span>\u001b[39m\n                  \u001b[36m</div>\u001b[39m\n                \u001b[36m</div>\u001b[39m\n              \u001b[36m</div>\u001b[39m\n            \u001b[36m</div>\u001b[39m\n          \u001b[36m</div>\u001b[39m\n          \u001b[36m<div\u001b[39m\n            \u001b[33maria-hidden\u001b[39m=\u001b[32m\"false\"\u001b[39m\n            \u001b[33maria-label\u001b[39m=\u001b[32m\"Enemy intends to attack with Bonk\"\u001b[39m\n            \u001b[33mclass\u001b[39m=\u001b[32m\"enemy-intent-badge  \"\u001b[39m\n          \u001b[36m>\u001b[39m\n            \u001b[36m<div\u001b[39m\n              \u001b[33mclass\u001b[39m=\u001b[32m\"enemy-intent-icon\"\u001b[39m\n            \u001b[36m>\u001b[39m\n              \u001b[0mBonk\u001b[0m\n            \u001b[36m</div>\u001b[39m\n            \u001b[36m<div\u001b[39m\n              \u001b[33mclass\u001b[39m=\u001b[32m\"enemy-intent-damage\"\u001b[39m\n            \u001b[36m>\u001b[39m\n              \u001b[0m0\u001b[0m\n            \u001b[36m</div>\u001b[39m\n            \u001b[36m<div\u001b[39m\n              \u001b[33mclass\u001b[39m=\u001b[32m\"enemy-intent-label\"\u001b[39m\n            \u001b[36m>\u001b[39m\n              \u001b[0mNEXT ATTACK\u001b[0m\n            \u001b[36m</div>\u001b[39m\n          \u001b[36m</div>\u001b[39m\n        \u001b[36m</div>\u001b[39m\n        \u001b[36m<div\u001b[39m\n          \u001b[33mclass\u001b[39m=\u001b[32m\"spell-hand\"\u001b[39m\n        \u001b[36m>\u001b[39m\n          \u001b[36m<div\u001b[39m\n            \u001b[33mclass\u001b[39m=\u001b[32m\"spell-hand-scroll\"\u001b[39m\n          \u001b[36m>\u001b[39m\n            \u001b[36m<button\u001b[39m\n              \u001b[33mclass\u001b[39m=\u001b[32m\"spell-card   is-unaffordable  \"\u001b[39m\n              \u001b[33mdisabled\u001b[39m=\u001b[32m\"\"\u001b[39m\n              \u001b[33mstyle\u001b[39m=\u001b[32m\"--spell-slot-bg: #9ad6ff; --spell-slot-border: #3c84c4; --spell-slot-text: #081f33;\"\u001b[39m\n              \u001b[33mtype\u001b[39m=\u001b[32m\"button\"\u001b[39m\n            \u001b[36m>\u001b[39m\n              \u001b[36m<span\u001b[39m\n                \u001b[33mclass\u001b[39m=\u001b[32m\"spell-card-energy\"\u001b[39m\n              \u001b[36m>\u001b[39m\n                \u001b[0m1\u001b[0m\n              \u001b[36m</span>\u001b[39m\n              \u001b[36m<div\u001b[39m\n                \u001b[33mclass\u001b[39m=\u001b[32m\"spell-card-icon\"\u001b[39m\n              \u001b[36m>\u001b[39m\n                \u001b[0mDrench\u001b[0m\n              \u001b[36m</div>\u001b[39m\n              \u001b[36m<div\u001b[39m\n                \u001b[33mclass\u001b[39m=\u001b[32m\"spell-card-name\"\u001b[39m\n              \u001b[36m>\u001b[39m\n                \u001b[0mDrench\u001b[0m\n              \u001b[36m</div>\u001b[39m\n              \u001b[36m<div\u001b[39m\n                \u001b[33mclass\u001b[39m=\u001b[32m\"spell-card-damage\"\u001b[39m\n              \u001b[36m>\u001b[39m\n                \u001b[0m0\u001b[0m\n              \u001b[36m</div>\u001b[39m\n            \u001b[36m</button>\u001b[39m\n            \u001b[36m<button\u001b[39m\n              \u001b[33mclass\u001b[39m=\u001b[32m\"spell-card   is-unaffordable  \"\u001b[39m\n              \u001b[33mdisabled\u001b[39m=\u001b[32m\"\"\u001b[39m\n              \u001b[33mstyle\u001b[39m=\u001b[32m\"--spell-slot-bg: #baf1ff; --spell-slot-border: #5aa8bd; --spell-slot-text: #0f2c34;\"\u001b[39m\n              \u001b[33mtype\u001b[39m=\u001b[32m\"button\"\u001b[39m\n            \u001b[36m>\u001b[39m\n              \u001b[36m<span\u001b[39m\n                \u001b[33mclass\u001b[39m=\u001b[32m\"spell-card-energy\"\u001b[39m\n              \u001b[36m>\u001b[39m\n                \u001b[0m1\u001b[0m\n              \u001b[36m</span>\u001b[39m\n              \u001b[36m<div\u001b[39m\n                \u001b[33mclass\u001b[39m=\u001b[32m\"spell-card-icon\"\u001b[39m\n              \u001b[36m>\u001b[39m\n                \u001b[0mChill\u001b[0m\n              \u001b[36m</div>\u001b[39m\n              \u001b[36m<div\u001b[39m\n                \u001b[33mclass\u001b[39m=\u001b[32m\"spell-card-name\"\u001b[39m\n              \u001b[36m>\u001b[39m\n                \u001b[0mChill\u001b[0m\n              \u001b[36m</div>\u001b[39m\n              \u001b[36m<div\u001b[39m\n                \u001b[33mclass\u001b[39m=\u001b[32m\"spell-card-damage\"\u001b[39m\n              \u001b[36m>\u001b[39m\n                \u001b[0m0\u001b[0m\n              \u001b[36m</div>\u001b[39m\n            \u001b[36m</button>\u001b[39m\n            \u001b[36m<button\u001b[39m\n              \u001b[33mclass\u001b[39m=\u001b[32m\"spell-card is-flashing  is-unaffordable  \"\u001b[39m\n              \u001b[33mdisabled\u001b[39m=\u001b[32m\"\"\u001b[39m\n              \u001b[33mstyle\u001b[39m=\u001b[32m\"--spell-slot-bg: #ffb680; --spell-slot-border: #d0652c; --spell-slot-text: #2a140a;\"\u001b[39m\n              \u001b[33mtype\u001b[39m=\u001b[32m\"button\"\u001b[39m\n            \u001b[36m>\u001b[39m\n              \u001b[36m<span\u001b[39m\n                \u001b[33mclass\u001b[39m=\u001b[32m\"spell-card-energy\"\u001b[39m\n              \u001b[36m>\u001b[39m\n                \u001b[0m1\u001b[0m\n              \u001b[36m</span>\u001b[39m\n              \u001b[36m<div\u001b[39m\n                \u001b[33mclass\u001b[39m=\u001b[32m\"spell-card-ico
[...]
    \u001b[0mBATTLE LOG\u001b[0m\n          \u001b[36m</span>\u001b[39m\n          \u001b[36m<span\u001b[39m\n            \u001b[33maria-hidden\u001b[39m=\u001b[32m\"true\"\u001b[39m\n            \u001b[33mclass\u001b[39m=\u001b[32m\"event-log-title-toggle\"\u001b[39m\n          \u001b[36m>\u001b[39m\n            \u001b[0m+\u001b[0m\n          \u001b[36m</span>\u001b[39m\n        \u001b[36m</button>\u001b[39m\n      \u001b[36m</aside>\u001b[39m\n    \u001b[36m</div>\u001b[39m\n  \u001b[36m</div>\u001b[39m\n\u001b[36m</body>\u001b[39m\n    at Proxy.waitForWrapper (D:\\source\\repos\\Wade.fun\\node_modules\\@testing-library\\dom\\dist\\wait-for.js:163:27)\n    at D:/source/repos/Wade.fun/src/pages/fight.status-effects.test.tsx:314:15\n    at runNextTicks (node:internal/process/task_queues:65:5)\n    at processTimers (node:internal/timers:538:9)\n    at file:///D:/source/repos/Wade.Fun/node_modules/@vitest/runner/dist/chunk-artifact.js:1903:20"],"meta":{},"tags":[]}],"startTime":1780844002338,"endTime":1780844018390.492,"status":"failed","message":"","name":"D:/source/repos/Wade.fun/src/pages/fight.status-effects.test.tsx"},{"assertionResults":[{"ancestorTitles":["Game/Fight navigation"],"fullName":"Game/Fight navigation shows the starter modal before the game begins","status":"failed","title":"shows the starter modal before the game begins","duration":1101.4243000000001,"failureMessages":["Error: Unable to find an element with the text: Pick a Element!. This could be because the text is broken up by multiple elements. In this case, you can provide a function for your text matcher to make your matcher more flexible.\n\nIgnored nodes: comments, script, style\n\u001b[36m<body>\u001b[39m\n  \u001b[36m<div>\u001b[39m\n    \u001b[36m<h2>\u001b[39m\n      \u001b[0mUnexpected Application Error!\u001b[0m\n    \u001b[36m</h2>\u001b[39m\n    \u001b[36m<h3\u001b[39m\n      \u001b[33mstyle\u001b[39m=\u001b[32m\"font-style: italic;\"\u001b[39m\n    \u001b[36m>\u001b[39m\n      \u001b[0mCannot access 'startSoulCollectionAnimation' before initialization\u001b[0m\n    \u001b[36m</h3>\u001b[39m\n    \u001b[36m<pre\u001b[39m\n      \u001b[33mstyle\u001b[39m=\u001b[32m\"padding: 0.5rem; background-color: rgba(200, 200, 200, 0.5);\"\u001b[39m\n    \u001b[36m>\u001b[39m\n      \u001b[0mReferenceError: Cannot access 'startSoulCollectionAnimation' before initialization\n    at Game (D:/source/repos/Wade.fun/src/pages/Game/Game.tsx:641:84)\n    at renderWithHooks (D:\\source\\repos\\Wade.fun\\node_modules\\react-dom\\cjs\\react-dom.development.js:16305:18)\n    at mountIndeterminateComponent (D:\\source\\repos\\Wade.fun\\node_modules\\react-dom\\cjs\\react-dom.development.js:20074:13)\n    at beginWork (D:\\source\\repos\\Wade.fun\\node_modules\\react-dom\\cjs\\react-dom.development.js:21587:16)\n    at beginWork$1 (D:\\source\\repos\\Wade.fun\\node_modules\\react-dom\\cjs\\react-dom.development.js:27426:14)\n    at performUnitOfWork (D:\\source\\repos\\Wade.fun\\node_modules\\react-dom\\cjs\\react-dom.development.js:26560:12)\n    at workLoopSync (D:\\source\\repos\\Wade.fun\\node_modules\\react-dom\\cjs\\react-dom.development.js:26466:5)\n    at renderRootSync (D:\\source\\repos\\Wade.fun\\node_modules\\react-dom\\cjs\\react-dom.development.js:26434:7)\n    at recoverFromConcurrentError (D:\\source\\repos\\Wade.fun\\node_modules\\react-dom\\cjs\\react-dom.development.js:25850:20)\n    at performConcurrentWorkOnRoot (D:\\source\\repos\\Wade.fun\\node_modules\\react-dom\\cjs\\react-dom.development.js:25750:22)\u001b[0m\n    \u001b[36m</pre>\u001b[39m\n    \u001b[36m<p>\u001b[39m\n      \u001b[0m💿 Hey developer 👋\u001b[0m\n    \u001b[36m</p>\u001b[39m\n    \u001b[36m<p>\u001b[39m\n      \u001b[0mYou can provide a way better UX than this when your app throws errors by providing your own \u001b[0m\n      \u001b[36m<code\u001b[39m\n        \u001b[33mstyle\u001b[39m=\u001b[32m\"padding: 2px 4px; background-color: rgba(200, 200, 200, 0.5);\"\u001b[39m\n      \u001b[36m>\u001b[39m\n        \u001b[0mErrorBoundary\u001b[0m\n      \u001b[36m</code>\u001b[39m\n      \u001b[0m or\u001b[0m\n      \u001b[0m \u001b[0m\n      \u001b[36m<code\u001b[39m\n        \u001b[33mstyle\u001b[39m=\u001b[32m\"padding: 2px 4px; background-color: rgba(200, 200, 200, 0.5);\"\u001b[39m\n      \u001b[36m>\u001b[39m\n        \u001b[0merrorElement\u001b[0m\n      \u001b[36m</code>\u001b[39m\n      \u001b[0m prop on your route.\u001b[0m\n    \u001b[36m</p>\u001b[39m\n  \u001b[36m</div>\u001b[39m\n\u001b[36m</body>\u001b[39m\n    at waitForWrapper (D:\\source\\repos\\Wade.fun\\node_modules\\@testing-library\\dom\\dist\\wait-for.js:163:27)\n    at D:\\source\\repos\\Wade.fun\\node_modules\\@testing-library\\dom\\dist\\query-helpers.js:86:33\n    at D:/source/repos/Wade.fun/src/pages/navigation.test.tsx:164:22\n    at file:///D:/source/repos/Wade.Fun/node_modules/@vitest/runner/dist/chunk-artifact.js:302:11\n    at file:///D:/source/repos/Wade.Fun/node_modules/@vitest/runner/dist/chunk-artifact.js:1903:26\n    at file:///D:/source/repos/Wade.Fun/node_modules/@vitest/runner/dist/chunk-artifact.js:2326:20\n    at new Promise (<anonymous>)\n    at runWithCancel (file:///D:/source/repos/Wade.Fun/node_modules/@vitest/runner/dist/chunk-artifact.js:2323:10)\n    at file:///D:/source/repos/Wade.Fun/node_modules/@vitest/runner/dist/chunk-artifact.js:2305:20\n    at new Promise (<anonymous>)"],"meta":{},"tags":[]},{"ancestorTitles":["Game/Fight navigation"],"fullName":"Game/Fight navigation navigates from game scene to fight scene when clicking FIGHT","status":"failed","title":"navigates from game scene to fight scene when clicking FIGHT","duration":1024.0110999999997,"failureMessages":["Error: Unable to find an element with the text: Next Enemy. This could be because the text is broken up by multiple elements. In this case, you can provide a function for your text matcher to make your matcher more flexible.\n\nIgnored nodes: comments, script, style\n\u001b[36m<body>\u001b[39m\n  \u001b[36m<div>\u001b[39m\n    \u001b[36m<h2>\u001b[39m\n      \u001b[0mUnexpected Application Error!\u001b[0m\n    \u001b[36m</h2>\u001b[39m\n    \u001b[36m<h3\u001b[39m\n      \u001b[33mstyle\u001b[39m=\u001b[32m\"font-style: italic;\"\u001b[39m\n    \u001b[36m>\u001b[39m\n      \u001b[0mCannot access 'startSoulCollectionAnimation' before initialization\u001b[0m\n    \u001b[36m</h3>\u001b[39m\n    \u001b[36m<pre\u001b[39m\n      \u001b[33mstyle\u001b[39m=\u001b[32m\"padding: 0.5rem; background-color: rgba(200, 200, 200, 0.5);\"\u001b[39m\n    \u001b[36m>\u001b[39m\n      \u001b[0mReferenceError: Cannot access 'startSoulCollectionAnimation' before initialization\n    at Game (D:/source/repos/Wade.fun/src/pages/Game/Game.tsx:641:84)\n    at renderWithHooks (D:\\source\\repos\\Wade.fun\\node_modules\\react-dom\\cjs\\react-dom.development.js:16305:18)\n    at mountIndeterminateComponent (D:\\source\\repos\\Wade.fun\\node_modules\\react-dom\\cjs\\react-dom.development.js:20074:13)\n    at beginWork (D:\\source\\repos\\Wade.fun\\node_modules\\react-dom\\cjs\\react-dom.development.js:21587:16)\n    at beginWork$1 (D:\\source\\repos\\Wade.fun\\node_modules\\react-dom\\cjs\\react-dom.development.js:27426:14)\n    at performUnitOfWork (D:\\source\\repos\\Wade.fun\\node_modules\\react-dom\\cjs\\react-dom.development.js:26560:12)\n    at workLoopSync (D:\\source\\repos\\Wade.fun\\node_modules\\react-dom\\cjs\\react-dom.development.js:26466:5)\n    at renderRootSync (D:\\source\\repos\\Wade.fun\\node_modules\\react-dom\\cjs\\react-dom.development.js:26434:7)\n    at recoverFromConcurrentError (D:\\source\\repos\\Wade.fun\\node_modules\\react-dom\\cjs\\react-dom.development.js:25850:20)\n    at performConcurrentWorkOnRoot (D:\\source\\repos\\Wade.fun\\node_modules\\react-dom\\cjs\\react-dom.development.js:25750:22)\u001b[0m\n    \u001b[36m</pre>\u001b[39m\n    \u001b[36m<p>\u001b[39m\n      \u001b[0m💿 Hey developer 👋\u001b[0m\n    \u001b[36m</p>\u001b[39m\n    \u001b[36m<p>\u001b[39m\n      \u001b[0mYou can provide a way better UX than this when your app throws errors by providing your own \u001b[0m\n      \u001b[36m<code\u001b[39m\n        \u001b[33mstyle\u001b[39m=\u001b[32m\"padding: 2px 4px; background-color: rgba(200, 200, 200, 0.5);\"\u001b[39m\n      \u001b[36m>\u001b[39m\n        \u001b[0mErrorBoundary\u001b[0m\n      \u001b[36m</code>\u001b[39m\n      \u001b[0m or\u001b[0m\n      \u001b[0m \u001b[0m\n      \u001b[36m<code\u001b[39m\n        \u001b[33mstyle\u001b[39m=\u001b[32m\"padding: 2px 4px; background-color: rgba(200, 200, 200, 0.5);\"\u001b[39m\n      \u001b[36m>\u001b[39m\n        \u001b[0merrorElement\u001b[0m\n      \u001b[36m</code>\u001b[39m\n      \u001b[0m prop on your route.\u001b[0m\n    \u001b[36m</p>\u001b[39m\n  \u001b[36m</div>\u001b[39m\n\u001b[36m</body>\u001b[39m\n    at Proxy.waitForWrapper (D:\\source\\repos\\Wade.fun\\node_modules\\@testing-library\\dom\\dist\\wait-for.js:163:27)\n    at D:/source/repos/Wade.fun/src/pages/navigation.test.tsx:174:15\n    at file:///D:/source/repos/Wade.Fun/node_modules/@vitest/runner/dist/chunk-artifact.js:302:11\n    at file:///D:/source/repos/Wade.Fun/node_modules/@vitest/runner/dist/chunk-artifact.js:1903:26\n    at file:///D:/source/repos/Wade.Fun/node_modules/@vitest/runner/dist/chunk-artifact.js:2326:20\n    at new Promise (<anonymous>)\n    at runWithCancel (file:///D:/source/repos/Wade.Fun/node_modules/@vitest/runner/dist/chunk-artifact.js:2323:10)\n    at file:///D:/source/repos/Wade.Fun/node_modules/@vitest/runner/dist/chunk-artifact.js:2305:20\n    at new Promise (<anonymous>)\n    at runWithTimeout (file:///D:/source/repos/Wade.Fun/node_modules/@vitest/runner/dist/chunk-artifact.js:2272:10)"],"meta":{},"tags":[]},{"ancestorTitles":["Game/Fight navigation"],"fullName":"Game/Fight navigation shows reward modal after fight and returns to game on continue","status":"failed","title":"shows reward modal after fight and returns to game on continue","duration":1045.4926999999998,"failureMessages":["Error: Unable to find an element with the text: Pick 1 Element!. This could be because the text is broken up by multiple elements. In this case, you can provide a function for your text matcher to make your matcher more flexible.\n\nIgnored nodes: comments, script, style\n\u001b[36m<body>\u001b[39m\n  \u001b[36m<div>\u001b[39m\n    \u001b[36m<h2>\u001b[39m\n      \u001b[0mUnexpected Application Error!\u001b[0m\n    \u001b[36m</h2>\u001b[39m\n    \u001b[36m<h3\u001b[39m\n      \u001b[33mstyle\u001b[39m=\u001b[32m\"font-style: italic;\"\u001b[39m\n    \u001b[36m>\u001b[39m\n      \u001b[0mCannot access 'startSoulCollectionAnimation' before initialization\u001b[0m\n    \u001b[36m</h3>\u001b[39m\n    \u001b[36m<pre\u001b[39m\n      \u001b[33mstyle\u001b[39m=\u001b[32m\"padding: 0.5rem; background-color: rgba(200, 200, 200, 0.5);\"\u001b[39m\n    \u001b[36m>\u001b[39m\n      \u001b[0mReferenceError: Cannot access 'startSoulCollectionAnimation' before initialization\n    at Game (D:/source/repos/Wade.fun/src/pages/Game/Game.tsx:641:84)\n    at renderWithHooks (D:\\source\\repos\\Wade.fun\\node_modules\\react-dom\\cjs\\react-dom.development.js:16305:18)\n    at mountIndeterminateComponent (D:\\source\\repos\\Wade.fun\\node_modules\\react-dom\\cjs\\react-dom.development.js:20074:13)\n    at beginWork (D:\\source\\repos\\Wade.fun\\node_modules\\react-dom\\cjs\\react-dom.development.js:21587:16)\n    at beginWork$1 (D:\\source\\repos\\Wade.fun\\node_modules\\react-dom\\cjs\\react-dom.development.js:27426:14)\n    at performUnitOfWork (D:\\source\\repos\\Wade.fun\\node_modules\\react-dom\\cjs\\react-dom.development.js:26560:12)\n    at workLoopSync (D:\\source\\repos\\Wade.fun\\node_modules\\react-dom\\cjs\\react-dom.development.js:26466:5)\n    at renderRootSync (D:\\source\\repos\\Wade.fun\\node_modules\\react-dom\\cjs\\react-dom.development.js:26434:7)\n    at recoverFromConcurrentError (D:\\source\\repos\\Wade.fun\\node_modules\\react-dom\\cjs\\react-dom.development.js:25850:20)\n    at performConcurrentWorkOnRoot (D:\\source\\repos\\Wade.fun\\node_modules\\react-dom\\cjs\\react-dom.development.js:25750:22)\u001b[0m\n    \u001b[36m</pre>\u001b[39m\n    \u001b[36m<p>\u001b[39m\n      \u001b[0m💿 Hey developer 👋\u001b[0m\n    \u001b[36m</p>\u001b[39m\n    \u001b[36m<p>\u001b[39m\n      \u001b[0mYou can provide a way better UX than this when your app throws errors by providing your own \u001b[0m\n      \u001b[36m<code\u001b[39m\n        \u001b[33mstyle\u001b[39m=\u001b[32m\"padding: 2px 4px; background-color: rgba(200, 200, 200, 0.5);\"\u001b[39m\n      \u001b[36m>\u001b[39m\n        \u001b[0mErrorBoundary\u001b[0m\n      \u001b[36m</code>\u001b[39m\n      \u001b[0m or\u001b[0m\n      \u001b[0m \u001b[0m\n      \u001b[36m<code\u001b[39m\n        \u001b[33mstyle\u001b[39m=\u001b[32m\"padding: 2px 4px; background-color: rgba(200, 200, 200, 0.5);\"\u001b[39m\n      \u001b[36m>\u001b[39m\n        \u001b[0merrorElement\u001b[0m\n      \u001b[36m</code>\u001b[39m\n      \u001b[0m prop on your route.\u001b[0m\n    \u001b[36m</p>\u001b[39m\n  \u001b[36m</div>\u001b[39m\n\u001b[36m</body>\u001b[39m\n    at waitForWrapper (D:\\source\\repos\\Wade.fun\\node_modules\\@testing-library\\dom\\dist\\wait-for.js:163:27)\n    at D:\\source\\repos\\Wade.fun\\node_modules\\@testing-library\\dom\\dist\\query-helpers.js:86:33\n    at D:/source/repos/Wade.fun/src/pages/navigation.test.tsx:218:22\n    at file:///D:/source/repos/Wade.Fun/node_modules/@vitest/runner/dist/chunk-artifact.js:302:11\n    at file:///D:/source/repos/Wade.Fun/node_modules/@vitest/runner/dist/chunk-artifact.js:1903:26\n    at file:///D:/source/repos/Wade.Fun/node_modules/@vitest/runner/dist/chunk-artifact.js:2326:20\n    at new Promise (<anonymous>)\n    at runWithCancel (file:///D:/source/repos/Wade.Fun/node_modules/@vitest/runner/dist/chunk-artifact.js:2323:10)\n    at file:///D:/source/repos/Wade.Fun/node_modules/@vitest/runner/dist/chunk-artifact.js:2305:20\n    at new Promise (<anonymous>)"],"meta":{},"tags":[]}],"startTime":1780844002259,"endTime":1780844005429.4927,"status":"failed","message":"","name":"D:/source/repos/Wade.fun/src/pages/navigation.test.tsx"},{"assertionResults":[{"ancestorTitles":["combination station state machine"],"fullName":"combination station state machine resolves the five actionable states from slot one element","status":"passed","title":"resolves the five actionable states from slot one element","duration":4.784100000000308,"failureMessages":[],"meta":{},"tags":[]},{"ancestorTitles":["combination station state machine"],"fullName":"combination station state machine falls back to idle for unknown or empty elements","status":"passed","title":"falls back to idle for unknown or empty elements","duration":0.3611000000000786,"failureMessages":[],"meta":{},"tags":[]}],"startTime":1780844001437,"endTime":1780844001442.361,"status":"passed","message":"","name":"D:/source/repos/Wade.fun/src/pages/Game/combinationStationState.test.ts"},{"assertionResults":[{"ancestorTitles":["FloatingTooltip layering"],"fullName":"FloatingTooltip layering shows SPELL for level 2 tooltips with a red badge","status":"failed","title":"shows SPELL for level 2 tooltips with a red badge","duration":1050.4632000000001,"failureMessages":["Error: Unable to find an element with the text: SPELL. This could be because the text is broken up by multiple elements. In this case, you can provide a function for your text matcher to make your matcher more flexible.\n\nIgnored nodes: comments, script, style\n\u001b[36m<body>\u001b[39m\n  \u001b[36m<div>\u001b[39m\n    \u001b[36m<div\u001b[39m\n      \u001b[33mdata-testid\u001b[39m=\u001b[32m\"enemy-sprite\"\u001b[39m\n      \u001b[33mstyle\u001b[39m=\u001b[32m\"position: fixed; inset: 0px; z-index: 2147483646;\"\u001b[39m\n    \u001b[36m/>\u001b[39m\n    \u001b[36m<div\u001b[39m\n      \u001b[33mdata-testid\u001b[39m=\u001b[32m\"overlay\"\u001b[39m\n      \u001b[33mstyle\u001b[39m=\u001b[32m\"position: fixed; inset: 0px; z-index: 5000;\"\u001b[39m\n    \u001b[36m/>\u001b[39m\n    \u001b[36m<button\u001b[39m\n      \u001b[33mtype\u001b[39m=\u001b[32m\"button\"\u001b[39m\n    \u001b[36m>\u001b[39m\n      \u001b[0mSpell Slot\u001b[0m\n    \u001b[36m</button>\u001b[39m\n  \u001b[36m</div>\u001b[39m\n  \u001b[36m<div\u001b[39m\n    \u001b[33mclass\u001b[39m=\u001b[32m\"floating-tooltip spell-hover-tooltip-shell \"\u001b[39m\n    \u001b[33mstyle\u001b[39m=\u001b[32m\"position: absolute; left: 0px; top: 0px; margin-left: 0px; margin-top: 0px; pointer-events: none; z-index: 2147483647;\"\u001b[39m\n  \u001b[36m>\u001b[39m\n    \u001b[36m<div\u001b[39m\n      \u001b[33mclass\u001b[39m=\u001b[32m\"floating-tooltip__panel tooltip-theme-none\"\u001b[39m\n    \u001b[36m>\u001b[39m\n      \u001b[36m<div\u001b[39m\n        \u001b[33mclass\u001b[39m=\u001b[32m\"tooltip-container\"\u001b[39m\n      \u001b[36m>\u001b[39m\n        \u001b[36m<div\u001b[39m\n          \u001b[33mclass\u001b[39m=\u001b[32m\"element-title\"\u001b[39m\n        \u001b[36m>\u001b[39m\n          \u001b[36m<div>\u001b[39m\n            \u001b[0mA\u001b[0m\n          \u001b[36m</div>\u001b[39m\n          \u001b[36m<div\u001b[39m\n            \u001b[33mclass\u001b[39m=\u001b[32m\"description\"\u001b[39m\n          \u001b[36m>\u001b[39m\n            \u001b[0mArc Burst\u001b[0m\n          \u001b[36m</div>\u001b[39m\n        \u001b[36m</div>\u001b[39m\n        \u001b[36m<div\u001b[39m\n          \u001b[33mclass\u001b[39m=\u001b[32m\"tooltip-header\"\u001b[39m\n        \u001b[36m>\u001b[39m\n          \u001b[36m<span\u001b[39m\n            \u001b[33mclass\u001b[39m=\u001b[32m\"element-info-badge \"\u001b[39m\n          \u001b[36m/>\u001b[39m\n          \u001b[36m<div\u001b[39m\n            \u001b[33mclass\u001b[39m=\u001b[32m\"element-types\"\u001b[39m\n          \u001b[36m/>\u001b[39m\n        \u001b[36m</div>\u001b[39m\n        \u001b[36m<span\u001b[39m\n          \u001b[33mclass\u001b[39m=\u001b[32m\"damage-details\"\u001b[39m\n        \u001b[36m>\u001b[39m\n          \u001b[36m<span\u001b[39m\n            \u001b[33mclass\u001b[39m=\u001b[32m\"damage-label\"\u001b[39m\n          \u001b[36m>\u001b[39m\n            \u001b[0mDamage:\u001b[0m\n          \u001b[36m</span>\u001b[39m\n          \u001b[36m<span\u001b[39m\n            \u001b[33mclass\u001b[39m=\u001b[32m\"damage-value\"\u001b[39m\n          \u001b[36m>\u001b[39m\n            \u001b[0m12\u001b[0m\n          \u001b[36m</span>\u001b[39m\n        \u001b[36m</span>\u001b[39m\n      \u001b[36m</div>\u001b[39m\n    \u001b[36m</div>\u001b[39m\n  \u001b[36m</div>\u001b[39m\n\u001b[36m</body>\u001b[39m\n    at waitForWrapper (D:\\source\\repos\\Wade.fun\\node_modules\\@testing-library\\dom\\dist\\wait-for.js:163:27)\n    at D:\\source\\repos\\Wade.fun\\node_modules\\@testing-library\\dom\\dist\\query-helpers.js:86:33\n    at D:/source/repos/Wade.fun/src/pages/Game/FloatingTooltip.test.tsx:49:41\n    at file:///D:/source/repos/Wade.Fun/node_modules/@vitest/runner/dist/chunk-artifact.js:302:11\n    at file:///D:/source/repos/Wade.Fun/node_modules/@vitest/runner/dist/chunk-artifact.js:1903:26\n    at file:///D:/source/repos/Wade.Fun/node_modules/@vitest/runner/dist/chunk-artifact.js:2326:20\n    at new Promise (<anonymous>)\n    at runWithCancel (file:///D:/source/repos/Wade.Fun/node_modules/@vitest/runner/dist/chunk-artifact.js:2323:10)\n    at file:///D:/source/repos/Wade.Fun/node_modules/@vitest/runner/dist/chunk-artifact.js:2305:20\n    at new Promise (<anonymous>)"],"meta":{},"tags":[]},{"ancestorTitles":["FloatingTooltip layering"],"fullName":"FloatingTooltip layering renders above other elements","status":"passed","title":"renders above other elements","duration":93.0350999999996,"failureMessages":[],"meta":{},"tags":[]}],"startTime":1780844001938,"endTime":1780844003081.0352,"status":"failed","message":"","name":"D:/source/repos/Wade.fun/src/pages/Game/FloatingTooltip.test.tsx"}]}